..\..\..\..\bin\x64_release\mangosscript.pdb
C:\USERS\MICHAEL\DESKTOP\CORE\CORE022511\BIN\X64_RELEASE\MANGOSSCRIPT.DLL
C:\Users\Michael\Desktop\Core\Core022511\bin\x64_release\mangosscript.exp
C:\Users\Michael\Desktop\Core\Core022511\bin\x64_release\mangosscript.lib
C:\USERS\MICHAEL\DESKTOP\CORE\CORE022511\BIN\X64_RELEASE\MANGOSSCRIPT.PDB
C:\Users\Michael\Desktop\Core\Core022511\src\bindings\Infinity_SciptDev2\VC100\..\..\..\..\bin\x64_release\mangosscript.dll
C:\USERS\MICHAEL\DESKTOP\CORE\CORE022511\SRC\BINDINGS\INFINITY_SCIPTDEV2\VC100\REVISION.H
C:\USERS\MICHAEL\DESKTOP\CORE\CORE022511\SRC\BINDINGS\INFINITY_SCIPTDEV2\VC100\SCRIPTDEV2__X64_RELEASE\ALTERAC_MOUNTAINS.OBJ
C:\USERS\MICHAEL\DESKTOP\CORE\CORE022511\SRC\BINDINGS\INFINITY_SCIPTDEV2\VC100\SCRIPTDEV2__X64_RELEASE\ANCIENT_OF_WAR.OBJ
C:\USERS\MICHAEL\DESKTOP\CORE\CORE022511\SRC\BINDINGS\INFINITY_SCIPTDEV2\VC100\SCRIPTDEV2__X64_RELEASE\ARATHI_HIGHLANDS.OBJ
C:\USERS\MICHAEL\DESKTOP\CORE\CORE022511\SRC\BINDINGS\INFINITY_SCIPTDEV2\VC100\SCRIPTDEV2__X64_RELEASE\ARCATRAZ.OBJ
C:\USERS\MICHAEL\DESKTOP\CORE\CORE022511\SRC\BINDINGS\INFINITY_SCIPTDEV2\VC100\SCRIPTDEV2__X64_RELEASE\ARCHBISHOP_BENEDICTUS.OBJ
C:\USERS\MICHAEL\DESKTOP\CORE\CORE022511\SRC\BINDINGS\INFINITY_SCIPTDEV2\VC100\SCRIPTDEV2__X64_RELEASE\AREATRIGGER_SCRIPTS.OBJ
C:\USERS\MICHAEL\DESKTOP\CORE\CORE022511\SRC\BINDINGS\INFINITY_SCIPTDEV2\VC100\SCRIPTDEV2__X64_RELEASE\ASHENVALE.OBJ
C:\USERS\MICHAEL\DESKTOP\CORE\CORE022511\SRC\BINDINGS\INFINITY_SCIPTDEV2\VC100\SCRIPTDEV2__X64_RELEASE\AZSHARA.OBJ
C:\USERS\MICHAEL\DESKTOP\CORE\CORE022511\SRC\BINDINGS\INFINITY_SCIPTDEV2\VC100\SCRIPTDEV2__X64_RELEASE\AZUREMYST_ISLE.OBJ
C:\USERS\MICHAEL\DESKTOP\CORE\CORE022511\SRC\BINDINGS\INFINITY_SCIPTDEV2\VC100\SCRIPTDEV2__X64_RELEASE\BATTLEGROUND.OBJ
C:\USERS\MICHAEL\DESKTOP\CORE\CORE022511\SRC\BINDINGS\INFINITY_SCIPTDEV2\VC100\SCRIPTDEV2__X64_RELEASE\BATTLEGROUNDSA.OBJ
C:\USERS\MICHAEL\DESKTOP\CORE\CORE022511\SRC\BINDINGS\INFINITY_SCIPTDEV2\VC100\SCRIPTDEV2__X64_RELEASE\BLACK_TEMPLE.OBJ
C:\USERS\MICHAEL\DESKTOP\CORE\CORE022511\SRC\BINDINGS\INFINITY_SCIPTDEV2\VC100\SCRIPTDEV2__X64_RELEASE\BLACKROCK_DEPTHS.OBJ
C:\USERS\MICHAEL\DESKTOP\CORE\CORE022511\SRC\BINDINGS\INFINITY_SCIPTDEV2\VC100\SCRIPTDEV2__X64_RELEASE\BLADES_EDGE_MOUNTAINS.OBJ
C:\USERS\MICHAEL\DESKTOP\CORE\CORE022511\SRC\BINDINGS\INFINITY_SCIPTDEV2\VC100\SCRIPTDEV2__X64_RELEASE\BLASTED_LANDS.OBJ
C:\USERS\MICHAEL\DESKTOP\CORE\CORE022511\SRC\BINDINGS\INFINITY_SCIPTDEV2\VC100\SCRIPTDEV2__X64_RELEASE\BLOOD_PRINCE_COUNCIL.OBJ
C:\USERS\MICHAEL\DESKTOP\CORE\CORE022511\SRC\BINDINGS\INFINITY_SCIPTDEV2\VC100\SCRIPTDEV2__X64_RELEASE\BLOODMYST_ISLE.OBJ
C:\USERS\MICHAEL\DESKTOP\CORE\CORE022511\SRC\BINDINGS\INFINITY_SCIPTDEV2\VC100\SCRIPTDEV2__X64_RELEASE\BOREAN_TUNDRA.OBJ
C:\USERS\MICHAEL\DESKTOP\CORE\CORE022511\SRC\BINDINGS\INFINITY_SCIPTDEV2\VC100\SCRIPTDEV2__X64_RELEASE\BOSS_AEONUS.OBJ
C:\USERS\MICHAEL\DESKTOP\CORE\CORE022511\SRC\BINDINGS\INFINITY_SCIPTDEV2\VC100\SCRIPTDEV2__X64_RELEASE\BOSS_AHUNE.OBJ
C:\USERS\MICHAEL\DESKTOP\CORE\CORE022511\SRC\BINDINGS\INFINITY_SCIPTDEV2\VC100\SCRIPTDEV2__X64_RELEASE\BOSS_AKILZON.OBJ
C:\USERS\MICHAEL\DESKTOP\CORE\CORE022511\SRC\BINDINGS\INFINITY_SCIPTDEV2\VC100\SCRIPTDEV2__X64_RELEASE\BOSS_ALGALON.OBJ
C:\USERS\MICHAEL\DESKTOP\CORE\CORE022511\SRC\BINDINGS\INFINITY_SCIPTDEV2\VC100\SCRIPTDEV2__X64_RELEASE\BOSS_AMANITAR.OBJ
C:\USERS\MICHAEL\DESKTOP\CORE\CORE022511\SRC\BINDINGS\INFINITY_SCIPTDEV2\VC100\SCRIPTDEV2__X64_RELEASE\BOSS_AMBASSADOR_FLAMELASH.OBJ
C:\USERS\MICHAEL\DESKTOP\CORE\CORE022511\SRC\BINDINGS\INFINITY_SCIPTDEV2\VC100\SCRIPTDEV2__X64_RELEASE\BOSS_AMBASSADOR_HELLMAW.OBJ
C:\USERS\MICHAEL\DESKTOP\CORE\CORE022511\SRC\BINDINGS\INFINITY_SCIPTDEV2\VC100\SCRIPTDEV2__X64_RELEASE\BOSS_AMNENNAR_THE_COLDBRINGER.OBJ
C:\USERS\MICHAEL\DESKTOP\CORE\CORE022511\SRC\BINDINGS\INFINITY_SCIPTDEV2\VC100\SCRIPTDEV2__X64_RELEASE\BOSS_ANOMALUS.OBJ
C:\USERS\MICHAEL\DESKTOP\CORE\CORE022511\SRC\BINDINGS\INFINITY_SCIPTDEV2\VC100\SCRIPTDEV2__X64_RELEASE\BOSS_ANUBARAK.OBJ
C:\USERS\MICHAEL\DESKTOP\CORE\CORE022511\SRC\BINDINGS\INFINITY_SCIPTDEV2\VC100\SCRIPTDEV2__X64_RELEASE\BOSS_ANUBARAK_TRIAL.OBJ
C:\USERS\MICHAEL\DESKTOP\CORE\CORE022511\SRC\BINDINGS\INFINITY_SCIPTDEV2\VC100\SCRIPTDEV2__X64_RELEASE\BOSS_ANUBREKHAN.OBJ
C:\USERS\MICHAEL\DESKTOP\CORE\CORE022511\SRC\BINDINGS\INFINITY_SCIPTDEV2\VC100\SCRIPTDEV2__X64_RELEASE\BOSS_ANUBSHIAH.OBJ
C:\USERS\MICHAEL\DESKTOP\CORE\CORE022511\SRC\BINDINGS\INFINITY_SCIPTDEV2\VC100\SCRIPTDEV2__X64_RELEASE\BOSS_ANZU.OBJ
C:\USERS\MICHAEL\DESKTOP\CORE\CORE022511\SRC\BINDINGS\INFINITY_SCIPTDEV2\VC100\SCRIPTDEV2__X64_RELEASE\BOSS_ARCANIST_DOAN.OBJ
C:\USERS\MICHAEL\DESKTOP\CORE\CORE022511\SRC\BINDINGS\INFINITY_SCIPTDEV2\VC100\SCRIPTDEV2__X64_RELEASE\BOSS_ARCHAEDAS.OBJ
C:\USERS\MICHAEL\DESKTOP\CORE\CORE022511\SRC\BINDINGS\INFINITY_SCIPTDEV2\VC100\SCRIPTDEV2__X64_RELEASE\BOSS_ARCHAVON.OBJ
C:\USERS\MICHAEL\DESKTOP\CORE\CORE022511\SRC\BINDINGS\INFINITY_SCIPTDEV2\VC100\SCRIPTDEV2__X64_RELEASE\BOSS_ARCHIMONDE.OBJ
C:\USERS\MICHAEL\DESKTOP\CORE\CORE022511\SRC\BINDINGS\INFINITY_SCIPTDEV2\VC100\SCRIPTDEV2__X64_RELEASE\BOSS_ARGENT_CHALLENGE.OBJ
C:\USERS\MICHAEL\DESKTOP\CORE\CORE022511\SRC\BINDINGS\INFINITY_SCIPTDEV2\VC100\SCRIPTDEV2__X64_RELEASE\BOSS_ARLOKK.OBJ
C:\USERS\MICHAEL\DESKTOP\CORE\CORE022511\SRC\BINDINGS\INFINITY_SCIPTDEV2\VC100\SCRIPTDEV2__X64_RELEASE\BOSS_ASTROMANCER.OBJ
C:\USERS\MICHAEL\DESKTOP\CORE\CORE022511\SRC\BINDINGS\INFINITY_SCIPTDEV2\VC100\SCRIPTDEV2__X64_RELEASE\BOSS_AURIAYA.OBJ
C:\USERS\MICHAEL\DESKTOP\CORE\CORE022511\SRC\BINDINGS\INFINITY_SCIPTDEV2\VC100\SCRIPTDEV2__X64_RELEASE\BOSS_AYAMISS.OBJ
C:\USERS\MICHAEL\DESKTOP\CORE\CORE022511\SRC\BINDINGS\INFINITY_SCIPTDEV2\VC100\SCRIPTDEV2__X64_RELEASE\BOSS_AZSHIR_THE_SLEEPLESS.OBJ
C:\USERS\MICHAEL\DESKTOP\CORE\CORE022511\SRC\BINDINGS\INFINITY_SCIPTDEV2\VC100\SCRIPTDEV2__X64_RELEASE\BOSS_AZUREGOS.OBJ
C:\USERS\MICHAEL\DESKTOP\CORE\CORE022511\SRC\BINDINGS\INFINITY_SCIPTDEV2\VC100\SCRIPTDEV2__X64_RELEASE\BOSS_BALINDA.OBJ
C:\USERS\MICHAEL\DESKTOP\CORE\CORE022511\SRC\BINDINGS\INFINITY_SCIPTDEV2\VC100\SCRIPTDEV2__X64_RELEASE\BOSS_BALTHARUS.OBJ
C:\USERS\MICHAEL\DESKTOP\CORE\CORE022511\SRC\BINDINGS\INFINITY_SCIPTDEV2\VC100\SCRIPTDEV2__X64_RELEASE\BOSS_BARON_GEDDON.OBJ
C:\USERS\MICHAEL\DESKTOP\CORE\CORE022511\SRC\BINDINGS\INFINITY_SCIPTDEV2\VC100\SCRIPTDEV2__X64_RELEASE\BOSS_BARON_RIVENDARE.OBJ
C:\USERS\MICHAEL\DESKTOP\CORE\CORE022511\SRC\BINDINGS\INFINITY_SCIPTDEV2\VC100\SCRIPTDEV2__X64_RELEASE\BOSS_BARONESS_ANASTARI.OBJ
C:\USERS\MICHAEL\DESKTOP\CORE\CORE022511\SRC\BINDINGS\INFINITY_SCIPTDEV2\VC100\SCRIPTDEV2__X64_RELEASE\BOSS_BJARNGRIM.OBJ
C:\USERS\MICHAEL\DESKTOP\CORE\CORE022511\SRC\BINDINGS\INFINITY_SCIPTDEV2\VC100\SCRIPTDEV2__X64_RELEASE\BOSS_BLACK_KNIGHT.OBJ
C:\USERS\MICHAEL\DESKTOP\CORE\CORE022511\SRC\BINDINGS\INFINITY_SCIPTDEV2\VC100\SCRIPTDEV2__X64_RELEASE\BOSS_BLACKHEART_THE_INCITER.OBJ
C:\USERS\MICHAEL\DESKTOP\CORE\CORE022511\SRC\BINDINGS\INFINITY_SCIPTDEV2\VC100\SCRIPTDEV2__X64_RELEASE\BOSS_BLOOD_QUEEN_LANATHEL.OBJ
C:\USERS\MICHAEL\DESKTOP\CORE\CORE022511\SRC\BINDINGS\INFINITY_SCIPTDEV2\VC100\SCRIPTDEV2__X64_RELEASE\BOSS_BLOODBOIL.OBJ
C:\USERS\MICHAEL\DESKTOP\CORE\CORE022511\SRC\BINDINGS\INFINITY_SCIPTDEV2\VC100\SCRIPTDEV2__X64_RELEASE\BOSS_BLOODMAGE_THALNOS.OBJ
C:\USERS\MICHAEL\DESKTOP\CORE\CORE022511\SRC\BINDINGS\INFINITY_SCIPTDEV2\VC100\SCRIPTDEV2__X64_RELEASE\BOSS_BROGGOK.OBJ
C:\USERS\MICHAEL\DESKTOP\CORE\CORE022511\SRC\BINDINGS\INFINITY_SCIPTDEV2\VC100\SCRIPTDEV2__X64_RELEASE\BOSS_BRONJAHM.OBJ
C:\USERS\MICHAEL\DESKTOP\CORE\CORE022511\SRC\BINDINGS\INFINITY_SCIPTDEV2\VC100\SCRIPTDEV2__X64_RELEASE\BOSS_BROODLORD_LASHLAYER.OBJ
C:\USERS\MICHAEL\DESKTOP\CORE\CORE022511\SRC\BINDINGS\INFINITY_SCIPTDEV2\VC100\SCRIPTDEV2__X64_RELEASE\BOSS_BRUTALLUS.OBJ
C:\USERS\MICHAEL\DESKTOP\CORE\CORE022511\SRC\BINDINGS\INFINITY_SCIPTDEV2\VC100\SCRIPTDEV2__X64_RELEASE\BOSS_BUG_TRIO.OBJ
C:\USERS\MICHAEL\DESKTOP\CORE\CORE022511\SRC\BINDINGS\INFINITY_SCIPTDEV2\VC100\SCRIPTDEV2__X64_RELEASE\BOSS_BURU.OBJ
C:\USERS\MICHAEL\DESKTOP\CORE\CORE022511\SRC\BINDINGS\INFINITY_SCIPTDEV2\VC100\SCRIPTDEV2__X64_RELEASE\BOSS_CANNON_MASTER_WILLEY.OBJ
C:\USERS\MICHAEL\DESKTOP\CORE\CORE022511\SRC\BINDINGS\INFINITY_SCIPTDEV2\VC100\SCRIPTDEV2__X64_RELEASE\BOSS_CAPTAIN_SKARLOC.OBJ
C:\USERS\MICHAEL\DESKTOP\CORE\CORE022511\SRC\BINDINGS\INFINITY_SCIPTDEV2\VC100\SCRIPTDEV2__X64_RELEASE\BOSS_CELEBRAS_THE_CURSED.OBJ
C:\USERS\MICHAEL\DESKTOP\CORE\CORE022511\SRC\BINDINGS\INFINITY_SCIPTDEV2\VC100\SCRIPTDEV2__X64_RELEASE\BOSS_CHROMAGGUS.OBJ
C:\USERS\MICHAEL\DESKTOP\CORE\CORE022511\SRC\BINDINGS\INFINITY_SCIPTDEV2\VC100\SCRIPTDEV2__X64_RELEASE\BOSS_CHRONO_LORD_DEJA.OBJ
C:\USERS\MICHAEL\DESKTOP\CORE\CORE022511\SRC\BINDINGS\INFINITY_SCIPTDEV2\VC100\SCRIPTDEV2__X64_RELEASE\BOSS_COLOSSUS.OBJ
C:\USERS\MICHAEL\DESKTOP\CORE\CORE022511\SRC\BINDINGS\INFINITY_SCIPTDEV2\VC100\SCRIPTDEV2__X64_RELEASE\BOSS_COREN_DIREBREW.OBJ
C:\USERS\MICHAEL\DESKTOP\CORE\CORE022511\SRC\BINDINGS\INFINITY_SCIPTDEV2\VC100\SCRIPTDEV2__X64_RELEASE\BOSS_CTHUN.OBJ
C:\USERS\MICHAEL\DESKTOP\CORE\CORE022511\SRC\BINDINGS\INFINITY_SCIPTDEV2\VC100\SCRIPTDEV2__X64_RELEASE\BOSS_CURATOR.OBJ
C:\USERS\MICHAEL\DESKTOP\CORE\CORE022511\SRC\BINDINGS\INFINITY_SCIPTDEV2\VC100\SCRIPTDEV2__X64_RELEASE\BOSS_CYANIGOSA.OBJ
C:\USERS\MICHAEL\DESKTOP\CORE\CORE022511\SRC\BINDINGS\INFINITY_SCIPTDEV2\VC100\SCRIPTDEV2__X64_RELEASE\BOSS_DARKMASTER_GANDLING.OBJ
C:\USERS\MICHAEL\DESKTOP\CORE\CORE022511\SRC\BINDINGS\INFINITY_SCIPTDEV2\VC100\SCRIPTDEV2__X64_RELEASE\BOSS_DARKWEAVER_SYTH.OBJ
C:\USERS\MICHAEL\DESKTOP\CORE\CORE022511\SRC\BINDINGS\INFINITY_SCIPTDEV2\VC100\SCRIPTDEV2__X64_RELEASE\BOSS_DATHROHAN_BALNAZZAR.OBJ
C:\USERS\MICHAEL\DESKTOP\CORE\CORE022511\SRC\BINDINGS\INFINITY_SCIPTDEV2\VC100\SCRIPTDEV2__X64_RELEASE\BOSS_DEATH_KNIGHT_DARKREAVER.OBJ
C:\USERS\MICHAEL\DESKTOP\CORE\CORE022511\SRC\BINDINGS\INFINITY_SCIPTDEV2\VC100\SCRIPTDEV2__X64_RELEASE\BOSS_DEATHBRINGER_SAURFANG.OBJ
C:\USERS\MICHAEL\DESKTOP\CORE\CORE022511\SRC\BINDINGS\INFINITY_SCIPTDEV2\VC100\SCRIPTDEV2__X64_RELEASE\BOSS_DEVOURER_OF_SOULS.OBJ
C:\USERS\MICHAEL\DESKTOP\CORE\CORE022511\SRC\BINDINGS\INFINITY_SCIPTDEV2\VC100\SCRIPTDEV2__X64_RELEASE\BOSS_DOCTOR_THEOLEN_KRASTINOV.OBJ
C:\USERS\MICHAEL\DESKTOP\CORE\CORE022511\SRC\BINDINGS\INFINITY_SCIPTDEV2\VC100\SCRIPTDEV2__X64_RELEASE\BOSS_DOOMLORD_KAZZAK.OBJ
C:\USERS\MICHAEL\DESKTOP\CORE\CORE022511\SRC\BINDINGS\INFINITY_SCIPTDEV2\VC100\SCRIPTDEV2__X64_RELEASE\BOSS_DOOMWALKER.OBJ
C:\USERS\MICHAEL\DESKTOP\CORE\CORE022511\SRC\BINDINGS\INFINITY_SCIPTDEV2\VC100\SCRIPTDEV2__X64_RELEASE\BOSS_DRAKKISATH.OBJ
C:\USERS\MICHAEL\DESKTOP\CORE\CORE022511\SRC\BINDINGS\INFINITY_SCIPTDEV2\VC100\SCRIPTDEV2__X64_RELEASE\BOSS_DRAKOS.OBJ
C:\USERS\MICHAEL\DESKTOP\CORE\CORE022511\SRC\BINDINGS\INFINITY_SCIPTDEV2\VC100\SCRIPTDEV2__X64_RELEASE\BOSS_DRED.OBJ
C:\USERS\MICHAEL\DESKTOP\CORE\CORE022511\SRC\BINDINGS\INFINITY_SCIPTDEV2\VC100\SCRIPTDEV2__X64_RELEASE\BOSS_DREKTHAR.OBJ
C:\USERS\MICHAEL\DESKTOP\CORE\CORE022511\SRC\BINDINGS\INFINITY_SCIPTDEV2\VC100\SCRIPTDEV2__X64_RELEASE\BOSS_EBONROC.OBJ
C:\USERS\MICHAEL\DESKTOP\CORE\CORE022511\SRC\BINDINGS\INFINITY_SCIPTDEV2\VC100\SCRIPTDEV2__X64_RELEASE\BOSS_ECK.OBJ
C:\USERS\MICHAEL\DESKTOP\CORE\CORE022511\SRC\BINDINGS\INFINITY_SCIPTDEV2\VC100\SCRIPTDEV2__X64_RELEASE\BOSS_EMALON.OBJ
C:\USERS\MICHAEL\DESKTOP\CORE\CORE022511\SRC\BINDINGS\INFINITY_SCIPTDEV2\VC100\SCRIPTDEV2__X64_RELEASE\BOSS_EMERISS.OBJ
C:\USERS\MICHAEL\DESKTOP\CORE\CORE022511\SRC\BINDINGS\INFINITY_SCIPTDEV2\VC100\SCRIPTDEV2__X64_RELEASE\BOSS_EMPEROR_DAGRAN_THAURISSAN.OBJ
C:\USERS\MICHAEL\DESKTOP\CORE\CORE022511\SRC\BINDINGS\INFINITY_SCIPTDEV2\VC100\SCRIPTDEV2__X64_RELEASE\BOSS_EPOCH_HUNTER.OBJ
C:\USERS\MICHAEL\DESKTOP\CORE\CORE022511\SRC\BINDINGS\INFINITY_SCIPTDEV2\VC100\SCRIPTDEV2__X64_RELEASE\BOSS_EREDAR_TWINS.OBJ
C:\USERS\MICHAEL\DESKTOP\CORE\CORE022511\SRC\BINDINGS\INFINITY_SCIPTDEV2\VC100\SCRIPTDEV2__X64_RELEASE\BOSS_EREGOS.OBJ
C:\USERS\MICHAEL\DESKTOP\CORE\CORE022511\SRC\BINDINGS\INFINITY_SCIPTDEV2\VC100\SCRIPTDEV2__X64_RELEASE\BOSS_EREKEM.OBJ
C:\USERS\MICHAEL\DESKTOP\CORE\CORE022511\SRC\BINDINGS\INFINITY_SCIPTDEV2\VC100\SCRIPTDEV2__X64_RELEASE\BOSS_EXARCH_MALADAAR.OBJ
C:\USERS\MICHAEL\DESKTOP\CORE\CORE022511\SRC\BINDINGS\INFINITY_SCIPTDEV2\VC100\SCRIPTDEV2__X64_RELEASE\BOSS_FACTION_CHAMPIONS.OBJ
C:\USERS\MICHAEL\DESKTOP\CORE\CORE022511\SRC\BINDINGS\INFINITY_SCIPTDEV2\VC100\SCRIPTDEV2__X64_RELEASE\BOSS_FAERLINA.OBJ
C:\USERS\MICHAEL\DESKTOP\CORE\CORE022511\SRC\BINDINGS\INFINITY_SCIPTDEV2\VC100\SCRIPTDEV2__X64_RELEASE\BOSS_FALRIC.OBJ
C:\USERS\MICHAEL\DESKTOP\CORE\CORE022511\SRC\BINDINGS\INFINITY_SCIPTDEV2\VC100\SCRIPTDEV2__X64_RELEASE\BOSS_FANKRISS.OBJ
C:\USERS\MICHAEL\DESKTOP\CORE\CORE022511\SRC\BINDINGS\INFINITY_SCIPTDEV2\VC100\SCRIPTDEV2__X64_RELEASE\BOSS_FATHOMLORD_KARATHRESS.OBJ
C:\USERS\MICHAEL\DESKTOP\CORE\CORE022511\SRC\BINDINGS\INFINITY_SCIPTDEV2\VC100\SCRIPTDEV2__X64_RELEASE\BOSS_FELBLOOD_KAELTHAS.OBJ
C:\USERS\MICHAEL\DESKTOP\CORE\CORE022511\SRC\BINDINGS\INFINITY_SCIPTDEV2\VC100\SCRIPTDEV2__X64_RELEASE\BOSS_FELMYST.OBJ
C:\USERS\MICHAEL\DESKTOP\CORE\CORE022511\SRC\BINDINGS\INFINITY_SCIPTDEV2\VC100\SCRIPTDEV2__X64_RELEASE\BOSS_FESTERGUT.OBJ
C:\USERS\MICHAEL\DESKTOP\CORE\CORE022511\SRC\BINDINGS\INFINITY_SCIPTDEV2\VC100\SCRIPTDEV2__X64_RELEASE\BOSS_FIREMAW.OBJ
C:\USERS\MICHAEL\DESKTOP\CORE\CORE022511\SRC\BINDINGS\INFINITY_SCIPTDEV2\VC100\SCRIPTDEV2__X64_RELEASE\BOSS_FLAMEGOR.OBJ
C:\USERS\MICHAEL\DESKTOP\CORE\CORE022511\SRC\BINDINGS\INFINITY_SCIPTDEV2\VC100\SCRIPTDEV2__X64_RELEASE\BOSS_FORGEMASTER_GARFROST.OBJ
C:\USERS\MICHAEL\DESKTOP\CORE\CORE022511\SRC\BINDINGS\INFINITY_SCIPTDEV2\VC100\SCRIPTDEV2__X64_RELEASE\BOSS_FOUR_HORSEMEN.OBJ
C:\USERS\MICHAEL\DESKTOP\CORE\CORE022511\SRC\BINDINGS\INFINITY_SCIPTDEV2\VC100\SCRIPTDEV2__X64_RELEASE\BOSS_FREYA.OBJ
C:\USERS\MICHAEL\DESKTOP\CORE\CORE022511\SRC\BINDINGS\INFINITY_SCIPTDEV2\VC100\SCRIPTDEV2__X64_RELEASE\BOSS_GAHZRANKA.OBJ
C:\USERS\MICHAEL\DESKTOP\CORE\CORE022511\SRC\BINDINGS\INFINITY_SCIPTDEV2\VC100\SCRIPTDEV2__X64_RELEASE\BOSS_GALDARAH.OBJ
C:\USERS\MICHAEL\DESKTOP\CORE\CORE022511\SRC\BINDINGS\INFINITY_SCIPTDEV2\VC100\SCRIPTDEV2__X64_RELEASE\BOSS_GALVANGAR.OBJ
C:\USERS\MICHAEL\DESKTOP\CORE\CORE022511\SRC\BINDINGS\INFINITY_SCIPTDEV2\VC100\SCRIPTDEV2__X64_RELEASE\BOSS_GARR.OBJ
C:\USERS\MICHAEL\DESKTOP\CORE\CORE022511\SRC\BINDINGS\INFINITY_SCIPTDEV2\VC100\SCRIPTDEV2__X64_RELEASE\BOSS_GATEWATCHER_GYROKILL.OBJ
C:\USERS\MICHAEL\DESKTOP\CORE\CORE022511\SRC\BINDINGS\INFINITY_SCIPTDEV2\VC100\SCRIPTDEV2__X64_RELEASE\BOSS_GATEWATCHER_IRONHAND.OBJ
C:\USERS\MICHAEL\DESKTOP\CORE\CORE022511\SRC\BINDINGS\INFINITY_SCIPTDEV2\VC100\SCRIPTDEV2__X64_RELEASE\BOSS_GEHENNAS.OBJ
C:\USERS\MICHAEL\DESKTOP\CORE\CORE022511\SRC\BINDINGS\INFINITY_SCIPTDEV2\VC100\SCRIPTDEV2__X64_RELEASE\BOSS_GENERAL_ANGERFORGE.OBJ
C:\USERS\MICHAEL\DESKTOP\CORE\CORE022511\SRC\BINDINGS\INFINITY_SCIPTDEV2\VC100\SCRIPTDEV2__X64_RELEASE\BOSS_GLUTH.OBJ
C:\USERS\MICHAEL\DESKTOP\CORE\CORE022511\SRC\BINDINGS\INFINITY_SCIPTDEV2\VC100\SCRIPTDEV2__X64_RELEASE\BOSS_GOLEMAGG.OBJ
C:\USERS\MICHAEL\DESKTOP\CORE\CORE022511\SRC\BINDINGS\INFINITY_SCIPTDEV2\VC100\SCRIPTDEV2__X64_RELEASE\BOSS_GOROSH_THE_DERVISH.OBJ
C:\USERS\MICHAEL\DESKTOP\CORE\CORE022511\SRC\BINDINGS\INFINITY_SCIPTDEV2\VC100\SCRIPTDEV2__X64_RELEASE\BOSS_GORTOK.OBJ
C:\USERS\MICHAEL\DESKTOP\CORE\CORE022511\SRC\BINDINGS\INFINITY_SCIPTDEV2\VC100\SCRIPTDEV2__X64_RELEASE\BOSS_GOTHIK.OBJ
C:\USERS\MICHAEL\DESKTOP\CORE\CORE022511\SRC\BINDINGS\INFINITY_SCIPTDEV2\VC100\SCRIPTDEV2__X64_RELEASE\BOSS_GRAND_CHAMPIONS.OBJ
C:\USERS\MICHAEL\DESKTOP\CORE\CORE022511\SRC\BINDINGS\INFINITY_SCIPTDEV2\VC100\SCRIPTDEV2__X64_RELEASE\BOSS_GRANDMASTER_VORPIL.OBJ
C:\USERS\MICHAEL\DESKTOP\CORE\CORE022511\SRC\BINDINGS\INFINITY_SCIPTDEV2\VC100\SCRIPTDEV2__X64_RELEASE\BOSS_GRILEK.OBJ
C:\USERS\MICHAEL\DESKTOP\CORE\CORE022511\SRC\BINDINGS\INFINITY_SCIPTDEV2\VC100\SCRIPTDEV2__X64_RELEASE\BOSS_GRIZZLE.OBJ
C:\USERS\MICHAEL\DESKTOP\CORE\CORE022511\SRC\BINDINGS\INFINITY_SCIPTDEV2\VC100\SCRIPTDEV2__X64_RELEASE\BOSS_GROBBULUS.OBJ
C:\USERS\MICHAEL\DESKTOP\CORE\CORE022511\SRC\BINDINGS\INFINITY_SCIPTDEV2\VC100\SCRIPTDEV2__X64_RELEASE\BOSS_GRUUL.OBJ
C:\USERS\MICHAEL\DESKTOP\CORE\CORE022511\SRC\BINDINGS\INFINITY_SCIPTDEV2\VC100\SCRIPTDEV2__X64_RELEASE\BOSS_GYTH.OBJ
C:\USERS\MICHAEL\DESKTOP\CORE\CORE022511\SRC\BINDINGS\INFINITY_SCIPTDEV2\VC100\SCRIPTDEV2__X64_RELEASE\BOSS_HADRONOX.OBJ
C:\USERS\MICHAEL\DESKTOP\CORE\CORE022511\SRC\BINDINGS\INFINITY_SCIPTDEV2\VC100\SCRIPTDEV2__X64_RELEASE\BOSS_HAKKAR.OBJ
C:\USERS\MICHAEL\DESKTOP\CORE\CORE022511\SRC\BINDINGS\INFINITY_SCIPTDEV2\VC100\SCRIPTDEV2__X64_RELEASE\BOSS_HALAZZI.OBJ
C:\USERS\MICHAEL\DESKTOP\CORE\CORE022511\SRC\BINDINGS\INFINITY_SCIPTDEV2\VC100\SCRIPTDEV2__X64_RELEASE\BOSS_HALION.OBJ
C:\USERS\MICHAEL\DESKTOP\CORE\CORE022511\SRC\BINDINGS\INFINITY_SCIPTDEV2\VC100\SCRIPTDEV2__X64_RELEASE\BOSS_HALYCON.OBJ
C:\USERS\MICHAEL\DESKTOP\CORE\CORE022511\SRC\BINDINGS\INFINITY_SCIPTDEV2\VC100\SCRIPTDEV2__X64_RELEASE\BOSS_HARBINGER_SKYRISS.OBJ
C:\USERS\MICHAEL\DESKTOP\CORE\CORE022511\SRC\BINDINGS\INFINITY_SCIPTDEV2\VC100\SCRIPTDEV2__X64_RELEASE\BOSS_HAZZARAH.OBJ
C:\USERS\MICHAEL\DESKTOP\CORE\CORE022511\SRC\BINDINGS\INFINITY_SCIPTDEV2\VC100\SCRIPTDEV2__X64_RELEASE\BOSS_HEADLESS_HORSEMAN.OBJ
C:\USERS\MICHAEL\DESKTOP\CORE\CORE022511\SRC\BINDINGS\INFINITY_SCIPTDEV2\VC100\SCRIPTDEV2__X64_RELEASE\BOSS_HEIGAN.OBJ
C:\USERS\MICHAEL\DESKTOP\CORE\CORE022511\SRC\BINDINGS\INFINITY_SCIPTDEV2\VC100\SCRIPTDEV2__X64_RELEASE\BOSS_HEROD.OBJ
C:\USERS\MICHAEL\DESKTOP\CORE\CORE022511\SRC\BINDINGS\INFINITY_SCIPTDEV2\VC100\SCRIPTDEV2__X64_RELEASE\BOSS_HIGH_BOTANIST_FREYWINN.OBJ
C:\USERS\MICHAEL\DESKTOP\CORE\CORE022511\SRC\BINDINGS\INFINITY_SCIPTDEV2\VC100\SCRIPTDEV2__X64_RELEASE\BOSS_HIGH_INQUISITOR_FAIRBANKS.OBJ
C:\USERS\MICHAEL\DESKTOP\CORE\CORE022511\SRC\BINDINGS\INFINITY_SCIPTDEV2\VC100\SCRIPTDEV2__X64_RELEASE\BOSS_HIGH_INTERROGATOR_GERSTAHN.OBJ
C:\USERS\MICHAEL\DESKTOP\CORE\CORE022511\SRC\BINDINGS\INFINITY_SCIPTDEV2\VC100\SCRIPTDEV2__X64_RELEASE\BOSS_HIGH_KING_MAULGAR.OBJ
C:\USERS\MICHAEL\DESKTOP\CORE\CORE022511\SRC\BINDINGS\INFINITY_SCIPTDEV2\VC100\SCRIPTDEV2__X64_RELEASE\BOSS_HIGHLORD_OMOKK.OBJ
C:\USERS\MICHAEL\DESKTOP\CORE\CORE022511\SRC\BINDINGS\INFINITY_SCIPTDEV2\VC100\SCRIPTDEV2__X64_RELEASE\BOSS_HODIR.OBJ
C:\USERS\MICHAEL\DESKTOP\CORE\CORE022511\SRC\BINDINGS\INFINITY_SCIPTDEV2\VC100\SCRIPTDEV2__X64_RELEASE\BOSS_HOUNDMASTER_LOKSEY.OBJ
C:\USERS\MICHAEL\DESKTOP\CORE\CORE022511\SRC\BINDINGS\INFINITY_SCIPTDEV2\VC100\SCRIPTDEV2__X64_RELEASE\BOSS_HUHURAN.OBJ
C:\USERS\MICHAEL\DESKTOP\CORE\CORE022511\SRC\BINDINGS\INFINITY_SCIPTDEV2\VC100\SCRIPTDEV2__X64_RELEASE\BOSS_HUMMEL.OBJ
C:\USERS\MICHAEL\DESKTOP\CORE\CORE022511\SRC\BINDINGS\INFINITY_SCIPTDEV2\VC100\SCRIPTDEV2__X64_RELEASE\BOSS_HUNGARFEN.OBJ
C:\USERS\MICHAEL\DESKTOP\CORE\CORE022511\SRC\BINDINGS\INFINITY_SCIPTDEV2\VC100\SCRIPTDEV2__X64_RELEASE\BOSS_HYDROMANCER_THESPIA.OBJ
C:\USERS\MICHAEL\DESKTOP\CORE\CORE022511\SRC\BINDINGS\INFINITY_SCIPTDEV2\VC100\SCRIPTDEV2__X64_RELEASE\BOSS_HYDROSS_THE_UNSTABLE.OBJ
C:\USERS\MICHAEL\DESKTOP\CORE\CORE022511\SRC\BINDINGS\INFINITY_SCIPTDEV2\VC100\SCRIPTDEV2__X64_RELEASE\BOSS_ICHORON.OBJ
C:\USERS\MICHAEL\DESKTOP\CORE\CORE022511\SRC\BINDINGS\INFINITY_SCIPTDEV2\VC100\SCRIPTDEV2__X64_RELEASE\BOSS_IGNIS.OBJ
C:\USERS\MICHAEL\DESKTOP\CORE\CORE022511\SRC\BINDINGS\INFINITY_SCIPTDEV2\VC100\SCRIPTDEV2__X64_RELEASE\BOSS_ILLIDAN.OBJ
C:\USERS\MICHAEL\DESKTOP\CORE\CORE022511\SRC\BINDINGS\INFINITY_SCIPTDEV2\VC100\SCRIPTDEV2__X64_RELEASE\BOSS_ILLUCIA_BAROV.OBJ
C:\USERS\MICHAEL\DESKTOP\CORE\CORE022511\SRC\BINDINGS\INFINITY_SCIPTDEV2\VC100\SCRIPTDEV2__X64_RELEASE\BOSS_INFINITE_CORRUPTOR.OBJ
C:\USERS\MICHAEL\DESKTOP\CORE\CORE022511\SRC\BINDINGS\INFINITY_SCIPTDEV2\VC100\SCRIPTDEV2__X64_RELEASE\BOSS_INGVAR.OBJ
C:\USERS\MICHAEL\DESKTOP\CORE\CORE022511\SRC\BINDINGS\INFINITY_SCIPTDEV2\VC100\SCRIPTDEV2__X64_RELEASE\BOSS_INSTRUCTOR_MALICIA.OBJ
C:\USERS\MICHAEL\DESKTOP\CORE\CORE022511\SRC\BINDINGS\INFINITY_SCIPTDEV2\VC100\SCRIPTDEV2__X64_RELEASE\BOSS_INTERROGATOR_VISHAS.OBJ
C:\USERS\MICHAEL\DESKTOP\CORE\CORE022511\SRC\BINDINGS\INFINITY_SCIPTDEV2\VC100\SCRIPTDEV2__X64_RELEASE\BOSS_IONAR.OBJ
C:\USERS\MICHAEL\DESKTOP\CORE\CORE022511\SRC\BINDINGS\INFINITY_SCIPTDEV2\VC100\SCRIPTDEV2__X64_RELEASE\BOSS_IRON_COUNCIL.OBJ
C:\USERS\MICHAEL\DESKTOP\CORE\CORE022511\SRC\BINDINGS\INFINITY_SCIPTDEV2\VC100\SCRIPTDEV2__X64_RELEASE\BOSS_JANALAI.OBJ
C:\USERS\MICHAEL\DESKTOP\CORE\CORE022511\SRC\BINDINGS\INFINITY_SCIPTDEV2\VC100\SCRIPTDEV2__X64_RELEASE\BOSS_JANDICE_BAROV.OBJ
C:\USERS\MICHAEL\DESKTOP\CORE\CORE022511\SRC\BINDINGS\INFINITY_SCIPTDEV2\VC100\SCRIPTDEV2__X64_RELEASE\BOSS_JARAXXUS.OBJ
C:\USERS\MICHAEL\DESKTOP\CORE\CORE022511\SRC\BINDINGS\INFINITY_SCIPTDEV2\VC100\SCRIPTDEV2__X64_RELEASE\BOSS_JEDOGA.OBJ
C:\USERS\MICHAEL\DESKTOP\CORE\CORE022511\SRC\BINDINGS\INFINITY_SCIPTDEV2\VC100\SCRIPTDEV2__X64_RELEASE\BOSS_JEKLIK.OBJ
C:\USERS\MICHAEL\DESKTOP\CORE\CORE022511\SRC\BINDINGS\INFINITY_SCIPTDEV2\VC100\SCRIPTDEV2__X64_RELEASE\BOSS_JINDO.OBJ
C:\USERS\MICHAEL\DESKTOP\CORE\CORE022511\SRC\BINDINGS\INFINITY_SCIPTDEV2\VC100\SCRIPTDEV2__X64_RELEASE\BOSS_KAELTHAS.OBJ
C:\USERS\MICHAEL\DESKTOP\CORE\CORE022511\SRC\BINDINGS\INFINITY_SCIPTDEV2\VC100\SCRIPTDEV2__X64_RELEASE\BOSS_KALECGOS.OBJ
C:\USERS\MICHAEL\DESKTOP\CORE\CORE022511\SRC\BINDINGS\INFINITY_SCIPTDEV2\VC100\SCRIPTDEV2__X64_RELEASE\BOSS_KELESETH.OBJ
C:\USERS\MICHAEL\DESKTOP\CORE\CORE022511\SRC\BINDINGS\INFINITY_SCIPTDEV2\VC100\SCRIPTDEV2__X64_RELEASE\BOSS_KELIDAN_THE_BREAKER.OBJ
C:\USERS\MICHAEL\DESKTOP\CORE\CORE022511\SRC\BINDINGS\INFINITY_SCIPTDEV2\VC100\SCRIPTDEV2__X64_RELEASE\BOSS_KELTHUZAD.OBJ
C:\USERS\MICHAEL\DESKTOP\CORE\CORE022511\SRC\BINDINGS\INFINITY_SCIPTDEV2\VC100\SCRIPTDEV2__X64_RELEASE\BOSS_KERISTRASZA.OBJ
C:\USERS\MICHAEL\DESKTOP\CORE\CORE022511\SRC\BINDINGS\INFINITY_SCIPTDEV2\VC100\SCRIPTDEV2__X64_RELEASE\BOSS_KILJAEDEN.OBJ
C:\USERS\MICHAEL\DESKTOP\CORE\CORE022511\SRC\BINDINGS\INFINITY_SCIPTDEV2\VC100\SCRIPTDEV2__X64_RELEASE\BOSS_KOLOGARN.OBJ
C:\USERS\MICHAEL\DESKTOP\CORE\CORE022511\SRC\BINDINGS\INFINITY_SCIPTDEV2\VC100\SCRIPTDEV2__X64_RELEASE\BOSS_KORALON.OBJ
C:\USERS\MICHAEL\DESKTOP\CORE\CORE022511\SRC\BINDINGS\INFINITY_SCIPTDEV2\VC100\SCRIPTDEV2__X64_RELEASE\BOSS_KORMOK.OBJ
C:\USERS\MICHAEL\DESKTOP\CORE\CORE022511\SRC\BINDINGS\INFINITY_SCIPTDEV2\VC100\SCRIPTDEV2__X64_RELEASE\BOSS_KRICK_AND_ICK.OBJ
C:\USERS\MICHAEL\DESKTOP\CORE\CORE022511\SRC\BINDINGS\INFINITY_SCIPTDEV2\VC100\SCRIPTDEV2__X64_RELEASE\BOSS_KRIKTHIR.OBJ
C:\USERS\MICHAEL\DESKTOP\CORE\CORE022511\SRC\BINDINGS\INFINITY_SCIPTDEV2\VC100\SCRIPTDEV2__X64_RELEASE\BOSS_KRUUL.OBJ
C:\USERS\MICHAEL\DESKTOP\CORE\CORE022511\SRC\BINDINGS\INFINITY_SCIPTDEV2\VC100\SCRIPTDEV2__X64_RELEASE\BOSS_KRYSTALLUS.OBJ
C:\USERS\MICHAEL\DESKTOP\CORE\CORE022511\SRC\BINDINGS\INFINITY_SCIPTDEV2\VC100\SCRIPTDEV2__X64_RELEASE\BOSS_KURINNAXX.OBJ
C:\USERS\MICHAEL\DESKTOP\CORE\CORE022511\SRC\BINDINGS\INFINITY_SCIPTDEV2\VC100\SCRIPTDEV2__X64_RELEASE\BOSS_LADY_DEATHWHISPER.OBJ
C:\USERS\MICHAEL\DESKTOP\CORE\CORE022511\SRC\BINDINGS\INFINITY_SCIPTDEV2\VC100\SCRIPTDEV2__X64_RELEASE\BOSS_LADY_VASHJ.OBJ
C:\USERS\MICHAEL\DESKTOP\CORE\CORE022511\SRC\BINDINGS\INFINITY_SCIPTDEV2\VC100\SCRIPTDEV2__X64_RELEASE\BOSS_LAJ.OBJ
C:\USERS\MICHAEL\DESKTOP\CORE\CORE022511\SRC\BINDINGS\INFINITY_SCIPTDEV2\VC100\SCRIPTDEV2__X64_RELEASE\BOSS_LANDSLIDE.OBJ
C:\USERS\MICHAEL\DESKTOP\CORE\CORE022511\SRC\BINDINGS\INFINITY_SCIPTDEV2\VC100\SCRIPTDEV2__X64_RELEASE\BOSS_LAVANTHOR.OBJ
C:\USERS\MICHAEL\DESKTOP\CORE\CORE022511\SRC\BINDINGS\INFINITY_SCIPTDEV2\VC100\SCRIPTDEV2__X64_RELEASE\BOSS_LEOTHERAS_THE_BLIND.OBJ
C:\USERS\MICHAEL\DESKTOP\CORE\CORE022511\SRC\BINDINGS\INFINITY_SCIPTDEV2\VC100\SCRIPTDEV2__X64_RELEASE\BOSS_LETHON.OBJ
C:\USERS\MICHAEL\DESKTOP\CORE\CORE022511\SRC\BINDINGS\INFINITY_SCIPTDEV2\VC100\SCRIPTDEV2__X64_RELEASE\BOSS_LEUTENANT_DRAKE.OBJ
C:\USERS\MICHAEL\DESKTOP\CORE\CORE022511\SRC\BINDINGS\INFINITY_SCIPTDEV2\VC100\SCRIPTDEV2__X64_RELEASE\BOSS_LEVIATHAN.OBJ
C:\USERS\MICHAEL\DESKTOP\CORE\CORE022511\SRC\BINDINGS\INFINITY_SCIPTDEV2\VC100\SCRIPTDEV2__X64_RELEASE\BOSS_LICH_KING.OBJ
C:\USERS\MICHAEL\DESKTOP\CORE\CORE022511\SRC\BINDINGS\INFINITY_SCIPTDEV2\VC100\SCRIPTDEV2__X64_RELEASE\BOSS_LOATHEB.OBJ
C:\USERS\MICHAEL\DESKTOP\CORE\CORE022511\SRC\BINDINGS\INFINITY_SCIPTDEV2\VC100\SCRIPTDEV2__X64_RELEASE\BOSS_LOKEN.OBJ
C:\USERS\MICHAEL\DESKTOP\CORE\CORE022511\SRC\BINDINGS\INFINITY_SCIPTDEV2\VC100\SCRIPTDEV2__X64_RELEASE\BOSS_LORD_ALEXEI_BAROV.OBJ
C:\USERS\MICHAEL\DESKTOP\CORE\CORE022511\SRC\BINDINGS\INFINITY_SCIPTDEV2\VC100\SCRIPTDEV2__X64_RELEASE\BOSS_LORD_EPOCH.OBJ
C:\USERS\MICHAEL\DESKTOP\CORE\CORE022511\SRC\BINDINGS\INFINITY_SCIPTDEV2\VC100\SCRIPTDEV2__X64_RELEASE\BOSS_LORD_MARROWGAR.OBJ
C:\USERS\MICHAEL\DESKTOP\CORE\CORE022511\SRC\BINDINGS\INFINITY_SCIPTDEV2\VC100\SCRIPTDEV2__X64_RELEASE\BOSS_LOREKEEPER_POLKELT.OBJ
C:\USERS\MICHAEL\DESKTOP\CORE\CORE022511\SRC\BINDINGS\INFINITY_SCIPTDEV2\VC100\SCRIPTDEV2__X64_RELEASE\BOSS_LUCIFRON.OBJ
C:\USERS\MICHAEL\DESKTOP\CORE\CORE022511\SRC\BINDINGS\INFINITY_SCIPTDEV2\VC100\SCRIPTDEV2__X64_RELEASE\BOSS_MAEXXNA.OBJ
C:\USERS\MICHAEL\DESKTOP\CORE\CORE022511\SRC\BINDINGS\INFINITY_SCIPTDEV2\VC100\SCRIPTDEV2__X64_RELEASE\BOSS_MAGISTRATE_BARTHILAS.OBJ
C:\USERS\MICHAEL\DESKTOP\CORE\CORE022511\SRC\BINDINGS\INFINITY_SCIPTDEV2\VC100\SCRIPTDEV2__X64_RELEASE\BOSS_MAGMADAR.OBJ
C:\USERS\MICHAEL\DESKTOP\CORE\CORE022511\SRC\BINDINGS\INFINITY_SCIPTDEV2\VC100\SCRIPTDEV2__X64_RELEASE\BOSS_MAGMUS.OBJ
C:\USERS\MICHAEL\DESKTOP\CORE\CORE022511\SRC\BINDINGS\INFINITY_SCIPTDEV2\VC100\SCRIPTDEV2__X64_RELEASE\BOSS_MAGTHERIDON.OBJ
C:\USERS\MICHAEL\DESKTOP\CORE\CORE022511\SRC\BINDINGS\INFINITY_SCIPTDEV2\VC100\SCRIPTDEV2__X64_RELEASE\BOSS_MAIDEN_OF_GRIEF.OBJ
C:\USERS\MICHAEL\DESKTOP\CORE\CORE022511\SRC\BINDINGS\INFINITY_SCIPTDEV2\VC100\SCRIPTDEV2__X64_RELEASE\BOSS_MAIDEN_OF_VIRTUE.OBJ
C:\USERS\MICHAEL\DESKTOP\CORE\CORE022511\SRC\BINDINGS\INFINITY_SCIPTDEV2\VC100\SCRIPTDEV2__X64_RELEASE\BOSS_MAJORDOMO_EXECUTUS.OBJ
C:\USERS\MICHAEL\DESKTOP\CORE\CORE022511\SRC\BINDINGS\INFINITY_SCIPTDEV2\VC100\SCRIPTDEV2__X64_RELEASE\BOSS_MALACRASS.OBJ
C:\USERS\MICHAEL\DESKTOP\CORE\CORE022511\SRC\BINDINGS\INFINITY_SCIPTDEV2\VC100\SCRIPTDEV2__X64_RELEASE\BOSS_MALEKI_THE_PALLID.OBJ
C:\USERS\MICHAEL\DESKTOP\CORE\CORE022511\SRC\BINDINGS\INFINITY_SCIPTDEV2\VC100\SCRIPTDEV2__X64_RELEASE\BOSS_MALGANIS.OBJ
C:\USERS\MICHAEL\DESKTOP\CORE\CORE022511\SRC\BINDINGS\INFINITY_SCIPTDEV2\VC100\SCRIPTDEV2__X64_RELEASE\BOSS_MALYGOS.OBJ
C:\USERS\MICHAEL\DESKTOP\CORE\CORE022511\SRC\BINDINGS\INFINITY_SCIPTDEV2\VC100\SCRIPTDEV2__X64_RELEASE\BOSS_MANDOKIR.OBJ
C:\USERS\MICHAEL\DESKTOP\CORE\CORE022511\SRC\BINDINGS\INFINITY_SCIPTDEV2\VC100\SCRIPTDEV2__X64_RELEASE\BOSS_MARLI.OBJ
C:\USERS\MICHAEL\DESKTOP\CORE\CORE022511\SRC\BINDINGS\INFINITY_SCIPTDEV2\VC100\SCRIPTDEV2__X64_RELEASE\BOSS_MARWYN.OBJ
C:\USERS\MICHAEL\DESKTOP\CORE\CORE022511\SRC\BINDINGS\INFINITY_SCIPTDEV2\VC100\SCRIPTDEV2__X64_RELEASE\BOSS_MEATHOOK.OBJ
C:\USERS\MICHAEL\DESKTOP\CORE\CORE022511\SRC\BINDINGS\INFINITY_SCIPTDEV2\VC100\SCRIPTDEV2__X64_RELEASE\BOSS_MEKGINEER_STEAMRIGGER.OBJ
C:\USERS\MICHAEL\DESKTOP\CORE\CORE022511\SRC\BINDINGS\INFINITY_SCIPTDEV2\VC100\SCRIPTDEV2__X64_RELEASE\BOSS_MIDNIGHT.OBJ
C:\USERS\MICHAEL\DESKTOP\CORE\CORE022511\SRC\BINDINGS\INFINITY_SCIPTDEV2\VC100\SCRIPTDEV2__X64_RELEASE\BOSS_MIMIRON.OBJ
C:\USERS\MICHAEL\DESKTOP\CORE\CORE022511\SRC\BINDINGS\INFINITY_SCIPTDEV2\VC100\SCRIPTDEV2__X64_RELEASE\BOSS_MOAM.OBJ
C:\USERS\MICHAEL\DESKTOP\CORE\CORE022511\SRC\BINDINGS\INFINITY_SCIPTDEV2\VC100\SCRIPTDEV2__X64_RELEASE\BOSS_MOGRAINE_AND_WHITEMANE.OBJ
C:\USERS\MICHAEL\DESKTOP\CORE\CORE022511\SRC\BINDINGS\INFINITY_SCIPTDEV2\VC100\SCRIPTDEV2__X64_RELEASE\BOSS_MOORABI.OBJ
C:\USERS\MICHAEL\DESKTOP\CORE\CORE022511\SRC\BINDINGS\INFINITY_SCIPTDEV2\VC100\SCRIPTDEV2__X64_RELEASE\BOSS_MORAGG.OBJ
C:\USERS\MICHAEL\DESKTOP\CORE\CORE022511\SRC\BINDINGS\INFINITY_SCIPTDEV2\VC100\SCRIPTDEV2__X64_RELEASE\BOSS_MOROES.OBJ
C:\USERS\MICHAEL\DESKTOP\CORE\CORE022511\SRC\BINDINGS\INFINITY_SCIPTDEV2\VC100\SCRIPTDEV2__X64_RELEASE\BOSS_MOROGRIM_TIDEWALKER.OBJ
C:\USERS\MICHAEL\DESKTOP\CORE\CORE022511\SRC\BINDINGS\INFINITY_SCIPTDEV2\VC100\SCRIPTDEV2__X64_RELEASE\BOSS_MOTHER_SHAHRAZ.OBJ
C:\USERS\MICHAEL\DESKTOP\CORE\CORE022511\SRC\BINDINGS\INFINITY_SCIPTDEV2\VC100\SCRIPTDEV2__X64_RELEASE\BOSS_MOTHER_SMOLDERWEB.OBJ
C:\USERS\MICHAEL\DESKTOP\CORE\CORE022511\SRC\BINDINGS\INFINITY_SCIPTDEV2\VC100\SCRIPTDEV2__X64_RELEASE\BOSS_MURMUR.OBJ
C:\USERS\MICHAEL\DESKTOP\CORE\CORE022511\SRC\BINDINGS\INFINITY_SCIPTDEV2\VC100\SCRIPTDEV2__X64_RELEASE\BOSS_MURU.OBJ
C:\USERS\MICHAEL\DESKTOP\CORE\CORE022511\SRC\BINDINGS\INFINITY_SCIPTDEV2\VC100\SCRIPTDEV2__X64_RELEASE\BOSS_MURU_ENTROPIUS.OBJ
C:\USERS\MICHAEL\DESKTOP\CORE\CORE022511\SRC\BINDINGS\INFINITY_SCIPTDEV2\VC100\SCRIPTDEV2__X64_RELEASE\BOSS_NADOX.OBJ
C:\USERS\MICHAEL\DESKTOP\CORE\CORE022511\SRC\BINDINGS\INFINITY_SCIPTDEV2\VC100\SCRIPTDEV2__X64_RELEASE\BOSS_NALORAKK.OBJ
C:\USERS\MICHAEL\DESKTOP\CORE\CORE022511\SRC\BINDINGS\INFINITY_SCIPTDEV2\VC100\SCRIPTDEV2__X64_RELEASE\BOSS_NAZAN_AND_VAZRUDEN.OBJ
C:\USERS\MICHAEL\DESKTOP\CORE\CORE022511\SRC\BINDINGS\INFINITY_SCIPTDEV2\VC100\SCRIPTDEV2__X64_RELEASE\BOSS_NEFARIAN.OBJ
C:\USERS\MICHAEL\DESKTOP\CORE\CORE022511\SRC\BINDINGS\INFINITY_SCIPTDEV2\VC100\SCRIPTDEV2__X64_RELEASE\BOSS_NERUBENKAN.OBJ
C:\USERS\MICHAEL\DESKTOP\CORE\CORE022511\SRC\BINDINGS\INFINITY_SCIPTDEV2\VC100\SCRIPTDEV2__X64_RELEASE\BOSS_NETHEKURSE.OBJ
C:\USERS\MICHAEL\DESKTOP\CORE\CORE022511\SRC\BINDINGS\INFINITY_SCIPTDEV2\VC100\SCRIPTDEV2__X64_RELEASE\BOSS_NETHERMANCER_SEPETHREA.OBJ
C:\USERS\MICHAEL\DESKTOP\CORE\CORE022511\SRC\BINDINGS\INFINITY_SCIPTDEV2\VC100\SCRIPTDEV2__X64_RELEASE\BOSS_NETHERSPITE.OBJ
C:\USERS\MICHAEL\DESKTOP\CORE\CORE022511\SRC\BINDINGS\INFINITY_SCIPTDEV2\VC100\SCRIPTDEV2__X64_RELEASE\BOSS_NEXUSPRINCE_SHAFFAR.OBJ
C:\USERS\MICHAEL\DESKTOP\CORE\CORE022511\SRC\BINDINGS\INFINITY_SCIPTDEV2\VC100\SCRIPTDEV2__X64_RELEASE\BOSS_NIGHTBANE.OBJ
C:\USERS\MICHAEL\DESKTOP\CORE\CORE022511\SRC\BINDINGS\INFINITY_SCIPTDEV2\VC100\SCRIPTDEV2__X64_RELEASE\BOSS_NORTHREND_BEASTS.OBJ
C:\USERS\MICHAEL\DESKTOP\CORE\CORE022511\SRC\BINDINGS\INFINITY_SCIPTDEV2\VC100\SCRIPTDEV2__X64_RELEASE\BOSS_NOTH.OBJ
C:\USERS\MICHAEL\DESKTOP\CORE\CORE022511\SRC\BINDINGS\INFINITY_SCIPTDEV2\VC100\SCRIPTDEV2__X64_RELEASE\BOSS_NOVOS.OBJ
C:\USERS\MICHAEL\DESKTOP\CORE\CORE022511\SRC\BINDINGS\INFINITY_SCIPTDEV2\VC100\SCRIPTDEV2__X64_RELEASE\BOSS_NOXXION.OBJ
C:\USERS\MICHAEL\DESKTOP\CORE\CORE022511\SRC\BINDINGS\INFINITY_SCIPTDEV2\VC100\SCRIPTDEV2__X64_RELEASE\BOSS_OMOR_THE_UNSCARRED.OBJ
C:\USERS\MICHAEL\DESKTOP\CORE\CORE022511\SRC\BINDINGS\INFINITY_SCIPTDEV2\VC100\SCRIPTDEV2__X64_RELEASE\BOSS_ONYXIA.OBJ
C:\USERS\MICHAEL\DESKTOP\CORE\CORE022511\SRC\BINDINGS\INFINITY_SCIPTDEV2\VC100\SCRIPTDEV2__X64_RELEASE\BOSS_ORDER_OF_SILVER_HAND.OBJ
C:\USERS\MICHAEL\DESKTOP\CORE\CORE022511\SRC\BINDINGS\INFINITY_SCIPTDEV2\VC100\SCRIPTDEV2__X64_RELEASE\BOSS_ORMOROK.OBJ
C:\USERS\MICHAEL\DESKTOP\CORE\CORE022511\SRC\BINDINGS\INFINITY_SCIPTDEV2\VC100\SCRIPTDEV2__X64_RELEASE\BOSS_OSSIRIAN.OBJ
C:\USERS\MICHAEL\DESKTOP\CORE\CORE022511\SRC\BINDINGS\INFINITY_SCIPTDEV2\VC100\SCRIPTDEV2__X64_RELEASE\BOSS_OURO.OBJ
C:\USERS\MICHAEL\DESKTOP\CORE\CORE022511\SRC\BINDINGS\INFINITY_SCIPTDEV2\VC100\SCRIPTDEV2__X64_RELEASE\BOSS_OVERLORD_WYRMTHALAK.OBJ
C:\USERS\MICHAEL\DESKTOP\CORE\CORE022511\SRC\BINDINGS\INFINITY_SCIPTDEV2\VC100\SCRIPTDEV2__X64_RELEASE\BOSS_PANDEMONIUS.OBJ
C:\USERS\MICHAEL\DESKTOP\CORE\CORE022511\SRC\BINDINGS\INFINITY_SCIPTDEV2\VC100\SCRIPTDEV2__X64_RELEASE\BOSS_PATCHWERK.OBJ
C:\USERS\MICHAEL\DESKTOP\CORE\CORE022511\SRC\BINDINGS\INFINITY_SCIPTDEV2\VC100\SCRIPTDEV2__X64_RELEASE\BOSS_PATHALEON_THE_CALCULATOR.OBJ
C:\USERS\MICHAEL\DESKTOP\CORE\CORE022511\SRC\BINDINGS\INFINITY_SCIPTDEV2\VC100\SCRIPTDEV2__X64_RELEASE\BOSS_POSTMASTER_MALOWN.OBJ
C:\USERS\MICHAEL\DESKTOP\CORE\CORE022511\SRC\BINDINGS\INFINITY_SCIPTDEV2\VC100\SCRIPTDEV2__X64_RELEASE\BOSS_PRIESTESS_DELRISSA.OBJ
C:\USERS\MICHAEL\DESKTOP\CORE\CORE022511\SRC\BINDINGS\INFINITY_SCIPTDEV2\VC100\SCRIPTDEV2__X64_RELEASE\BOSS_PRINCE_MALCHEZAAR.OBJ
C:\USERS\MICHAEL\DESKTOP\CORE\CORE022511\SRC\BINDINGS\INFINITY_SCIPTDEV2\VC100\SCRIPTDEV2__X64_RELEASE\BOSS_PRINCESS_THERADRAS.OBJ
C:\USERS\MICHAEL\DESKTOP\CORE\CORE022511\SRC\BINDINGS\INFINITY_SCIPTDEV2\VC100\SCRIPTDEV2__X64_RELEASE\BOSS_PROFESSOR_PUTRICIDE.OBJ
C:\USERS\MICHAEL\DESKTOP\CORE\CORE022511\SRC\BINDINGS\INFINITY_SCIPTDEV2\VC100\SCRIPTDEV2__X64_RELEASE\BOSS_PVP.OBJ
C:\USERS\MICHAEL\DESKTOP\CORE\CORE022511\SRC\BINDINGS\INFINITY_SCIPTDEV2\VC100\SCRIPTDEV2__X64_RELEASE\BOSS_PYROGUARD_EMBERSEER.OBJ
C:\USERS\MICHAEL\DESKTOP\CORE\CORE022511\SRC\BINDINGS\INFINITY_SCIPTDEV2\VC100\SCRIPTDEV2__X64_RELEASE\BOSS_QUARTERMASTER_ZIGRIS.OBJ
C:\USERS\MICHAEL\DESKTOP\CORE\CORE022511\SRC\BINDINGS\INFINITY_SCIPTDEV2\VC100\SCRIPTDEV2__X64_RELEASE\BOSS_RAGNAROS.OBJ
C:\USERS\MICHAEL\DESKTOP\CORE\CORE022511\SRC\BINDINGS\INFINITY_SCIPTDEV2\VC100\SCRIPTDEV2__X64_RELEASE\BOSS_RAJAXX.OBJ
C:\USERS\MICHAEL\DESKTOP\CORE\CORE022511\SRC\BINDINGS\INFINITY_SCIPTDEV2\VC100\SCRIPTDEV2__X64_RELEASE\BOSS_RAMSTEIN_THE_GORGER.OBJ
C:\USERS\MICHAEL\DESKTOP\CORE\CORE022511\SRC\BINDINGS\INFINITY_SCIPTDEV2\VC100\SCRIPTDEV2__X64_RELEASE\BOSS_RAS_FROSTWHISPER.OBJ
C:\USERS\MICHAEL\DESKTOP\CORE\CORE022511\SRC\BINDINGS\INFINITY_SCIPTDEV2\VC100\SCRIPTDEV2__X64_RELEASE\BOSS_RAZOR.OBJ
C:\USERS\MICHAEL\DESKTOP\CORE\CORE022511\SRC\BINDINGS\INFINITY_SCIPTDEV2\VC100\SCRIPTDEV2__X64_RELEASE\BOSS_RAZORGORE.OBJ
C:\USERS\MICHAEL\DESKTOP\CORE\CORE022511\SRC\BINDINGS\INFINITY_SCIPTDEV2\VC100\SCRIPTDEV2__X64_RELEASE\BOSS_RAZORSCALE.OBJ
C:\USERS\MICHAEL\DESKTOP\CORE\CORE022511\SRC\BINDINGS\INFINITY_SCIPTDEV2\VC100\SCRIPTDEV2__X64_RELEASE\BOSS_RAZUVIOUS.OBJ
C:\USERS\MICHAEL\DESKTOP\CORE\CORE022511\SRC\BINDINGS\INFINITY_SCIPTDEV2\VC100\SCRIPTDEV2__X64_RELEASE\BOSS_RELIQUARY_OF_SOULS.OBJ
C:\USERS\MICHAEL\DESKTOP\CORE\CORE022511\SRC\BINDINGS\INFINITY_SCIPTDEV2\VC100\SCRIPTDEV2__X64_RELEASE\BOSS_RENATAKI.OBJ
C:\USERS\MICHAEL\DESKTOP\CORE\CORE022511\SRC\BINDINGS\INFINITY_SCIPTDEV2\VC100\SCRIPTDEV2__X64_RELEASE\BOSS_REND_BLACKHAND.OBJ
C:\USERS\MICHAEL\DESKTOP\CORE\CORE022511\SRC\BINDINGS\INFINITY_SCIPTDEV2\VC100\SCRIPTDEV2__X64_RELEASE\BOSS_ROTFACE.OBJ
C:\USERS\MICHAEL\DESKTOP\CORE\CORE022511\SRC\BINDINGS\INFINITY_SCIPTDEV2\VC100\SCRIPTDEV2__X64_RELEASE\BOSS_SALRAMM.OBJ
C:\USERS\MICHAEL\DESKTOP\CORE\CORE022511\SRC\BINDINGS\INFINITY_SCIPTDEV2\VC100\SCRIPTDEV2__X64_RELEASE\BOSS_SAPPHIRON.OBJ
C:\USERS\MICHAEL\DESKTOP\CORE\CORE022511\SRC\BINDINGS\INFINITY_SCIPTDEV2\VC100\SCRIPTDEV2__X64_RELEASE\BOSS_SARTHARION.OBJ
C:\USERS\MICHAEL\DESKTOP\CORE\CORE022511\SRC\BINDINGS\INFINITY_SCIPTDEV2\VC100\SCRIPTDEV2__X64_RELEASE\BOSS_SARTURA.OBJ
C:\USERS\MICHAEL\DESKTOP\CORE\CORE022511\SRC\BINDINGS\INFINITY_SCIPTDEV2\VC100\SCRIPTDEV2__X64_RELEASE\BOSS_SAVIANA.OBJ
C:\USERS\MICHAEL\DESKTOP\CORE\CORE022511\SRC\BINDINGS\INFINITY_SCIPTDEV2\VC100\SCRIPTDEV2__X64_RELEASE\BOSS_SCORN.OBJ
C:\USERS\MICHAEL\DESKTOP\CORE\CORE022511\SRC\BINDINGS\INFINITY_SCIPTDEV2\VC100\SCRIPTDEV2__X64_RELEASE\BOSS_SCOURGELORD_TYRANNUS.OBJ
C:\USERS\MICHAEL\DESKTOP\CORE\CORE022511\SRC\BINDINGS\INFINITY_SCIPTDEV2\VC100\SCRIPTDEV2__X64_RELEASE\BOSS_SELIN_FIREHEART.OBJ
C:\USERS\MICHAEL\DESKTOP\CORE\CORE022511\SRC\BINDINGS\INFINITY_SCIPTDEV2\VC100\SCRIPTDEV2__X64_RELEASE\BOSS_SHADE_OF_AKAMA.OBJ
C:\USERS\MICHAEL\DESKTOP\CORE\CORE022511\SRC\BINDINGS\INFINITY_SCIPTDEV2\VC100\SCRIPTDEV2__X64_RELEASE\BOSS_SHADE_OF_ARAN.OBJ
C:\USERS\MICHAEL\DESKTOP\CORE\CORE022511\SRC\BINDINGS\INFINITY_SCIPTDEV2\VC100\SCRIPTDEV2__X64_RELEASE\BOSS_SHADOW_HUNTER_VOSHGAJIN.OBJ
C:\USERS\MICHAEL\DESKTOP\CORE\CORE022511\SRC\BINDINGS\INFINITY_SCIPTDEV2\VC100\SCRIPTDEV2__X64_RELEASE\BOSS_SHAZZRAH.OBJ
C:\USERS\MICHAEL\DESKTOP\CORE\CORE022511\SRC\BINDINGS\INFINITY_SCIPTDEV2\VC100\SCRIPTDEV2__X64_RELEASE\BOSS_SHIRRAK.OBJ
C:\USERS\MICHAEL\DESKTOP\CORE\CORE022511\SRC\BINDINGS\INFINITY_SCIPTDEV2\VC100\SCRIPTDEV2__X64_RELEASE\BOSS_SINDRAGOSA.OBJ
C:\USERS\MICHAEL\DESKTOP\CORE\CORE022511\SRC\BINDINGS\INFINITY_SCIPTDEV2\VC100\SCRIPTDEV2__X64_RELEASE\BOSS_SJONNIR.OBJ
C:\USERS\MICHAEL\DESKTOP\CORE\CORE022511\SRC\BINDINGS\INFINITY_SCIPTDEV2\VC100\SCRIPTDEV2__X64_RELEASE\BOSS_SKADI.OBJ
C:\USERS\MICHAEL\DESKTOP\CORE\CORE022511\SRC\BINDINGS\INFINITY_SCIPTDEV2\VC100\SCRIPTDEV2__X64_RELEASE\BOSS_SKARVALD_AND_DALRONN.OBJ
C:\USERS\MICHAEL\DESKTOP\CORE\CORE022511\SRC\BINDINGS\INFINITY_SCIPTDEV2\VC100\SCRIPTDEV2__X64_RELEASE\BOSS_SKERAM.OBJ
C:\USERS\MICHAEL\DESKTOP\CORE\CORE022511\SRC\BINDINGS\INFINITY_SCIPTDEV2\VC100\SCRIPTDEV2__X64_RELEASE\BOSS_SLADRAN.OBJ
C:\USERS\MICHAEL\DESKTOP\CORE\CORE022511\SRC\BINDINGS\INFINITY_SCIPTDEV2\VC100\SCRIPTDEV2__X64_RELEASE\BOSS_SULFURON_HARBINGER.OBJ
C:\USERS\MICHAEL\DESKTOP\CORE\CORE022511\SRC\BINDINGS\INFINITY_SCIPTDEV2\VC100\SCRIPTDEV2__X64_RELEASE\BOSS_SUPREMUS.OBJ
C:\USERS\MICHAEL\DESKTOP\CORE\CORE022511\SRC\BINDINGS\INFINITY_SCIPTDEV2\VC100\SCRIPTDEV2__X64_RELEASE\BOSS_SVALA.OBJ
C:\USERS\MICHAEL\DESKTOP\CORE\CORE022511\SRC\BINDINGS\INFINITY_SCIPTDEV2\VC100\SCRIPTDEV2__X64_RELEASE\BOSS_TAERAR.OBJ
C:\USERS\MICHAEL\DESKTOP\CORE\CORE022511\SRC\BINDINGS\INFINITY_SCIPTDEV2\VC100\SCRIPTDEV2__X64_RELEASE\BOSS_TALDARAM.OBJ
C:\USERS\MICHAEL\DESKTOP\CORE\CORE022511\SRC\BINDINGS\INFINITY_SCIPTDEV2\VC100\SCRIPTDEV2__X64_RELEASE\BOSS_TALON_KING_IKISS.OBJ
C:\USERS\MICHAEL\DESKTOP\CORE\CORE022511\SRC\BINDINGS\INFINITY_SCIPTDEV2\VC100\SCRIPTDEV2__X64_RELEASE\BOSS_TELESTRA.OBJ
C:\USERS\MICHAEL\DESKTOP\CORE\CORE022511\SRC\BINDINGS\INFINITY_SCIPTDEV2\VC100\SCRIPTDEV2__X64_RELEASE\BOSS_TEMPORUS.OBJ
C:\USERS\MICHAEL\DESKTOP\CORE\CORE022511\SRC\BINDINGS\INFINITY_SCIPTDEV2\VC100\SCRIPTDEV2__X64_RELEASE\BOSS_TERESTIAN_ILLHOOF.OBJ
C:\USERS\MICHAEL\DESKTOP\CORE\CORE022511\SRC\BINDINGS\INFINITY_SCIPTDEV2\VC100\SCRIPTDEV2__X64_RELEASE\BOSS_TERON_GOREFIEND.OBJ
C:\USERS\MICHAEL\DESKTOP\CORE\CORE022511\SRC\BINDINGS\INFINITY_SCIPTDEV2\VC100\SCRIPTDEV2__X64_RELEASE\BOSS_THADDIUS.OBJ
C:\USERS\MICHAEL\DESKTOP\CORE\CORE022511\SRC\BINDINGS\INFINITY_SCIPTDEV2\VC100\SCRIPTDEV2__X64_RELEASE\BOSS_THARONJA.OBJ
C:\USERS\MICHAEL\DESKTOP\CORE\CORE022511\SRC\BINDINGS\INFINITY_SCIPTDEV2\VC100\SCRIPTDEV2__X64_RELEASE\BOSS_THE_BEAST.OBJ
C:\USERS\MICHAEL\DESKTOP\CORE\CORE022511\SRC\BINDINGS\INFINITY_SCIPTDEV2\VC100\SCRIPTDEV2__X64_RELEASE\BOSS_THE_LICH_KING.OBJ
C:\USERS\MICHAEL\DESKTOP\CORE\CORE022511\SRC\BINDINGS\INFINITY_SCIPTDEV2\VC100\SCRIPTDEV2__X64_RELEASE\BOSS_THE_LURKER_BELOW.OBJ
C:\USERS\MICHAEL\DESKTOP\CORE\CORE022511\SRC\BINDINGS\INFINITY_SCIPTDEV2\VC100\SCRIPTDEV2__X64_RELEASE\BOSS_THE_MAKER.OBJ
C:\USERS\MICHAEL\DESKTOP\CORE\CORE022511\SRC\BINDINGS\INFINITY_SCIPTDEV2\VC100\SCRIPTDEV2__X64_RELEASE\BOSS_THE_RAVENIAN.OBJ
C:\USERS\MICHAEL\DESKTOP\CORE\CORE022511\SRC\BINDINGS\INFINITY_SCIPTDEV2\VC100\SCRIPTDEV2__X64_RELEASE\BOSS_THEKAL.OBJ
C:\USERS\MICHAEL\DESKTOP\CORE\CORE022511\SRC\BINDINGS\INFINITY_SCIPTDEV2\VC100\SCRIPTDEV2__X64_RELEASE\BOSS_THERMAPLUGG.OBJ
C:\USERS\MICHAEL\DESKTOP\CORE\CORE022511\SRC\BINDINGS\INFINITY_SCIPTDEV2\VC100\SCRIPTDEV2__X64_RELEASE\BOSS_THORIM.OBJ
C:\USERS\MICHAEL\DESKTOP\CORE\CORE022511\SRC\BINDINGS\INFINITY_SCIPTDEV2\VC100\SCRIPTDEV2__X64_RELEASE\BOSS_TIMMY_THE_CRUEL.OBJ
C:\USERS\MICHAEL\DESKTOP\CORE\CORE022511\SRC\BINDINGS\INFINITY_SCIPTDEV2\VC100\SCRIPTDEV2__X64_RELEASE\BOSS_TOMB_OF_SEVEN.OBJ
C:\USERS\MICHAEL\DESKTOP\CORE\CORE022511\SRC\BINDINGS\INFINITY_SCIPTDEV2\VC100\SCRIPTDEV2__X64_RELEASE\BOSS_TORAVON.OBJ
C:\USERS\MICHAEL\DESKTOP\CORE\CORE022511\SRC\BINDINGS\INFINITY_SCIPTDEV2\VC100\SCRIPTDEV2__X64_RELEASE\BOSS_TROLLGORE.OBJ
C:\USERS\MICHAEL\DESKTOP\CORE\CORE022511\SRC\BINDINGS\INFINITY_SCIPTDEV2\VC100\SCRIPTDEV2__X64_RELEASE\BOSS_TWIN_VALKYR.OBJ
C:\USERS\MICHAEL\DESKTOP\CORE\CORE022511\SRC\BINDINGS\INFINITY_SCIPTDEV2\VC100\SCRIPTDEV2__X64_RELEASE\BOSS_TWINEMPERORS.OBJ
C:\USERS\MICHAEL\DESKTOP\CORE\CORE022511\SRC\BINDINGS\INFINITY_SCIPTDEV2\VC100\SCRIPTDEV2__X64_RELEASE\BOSS_UROM.OBJ
C:\USERS\MICHAEL\DESKTOP\CORE\CORE022511\SRC\BINDINGS\INFINITY_SCIPTDEV2\VC100\SCRIPTDEV2__X64_RELEASE\BOSS_VAELASTRASZ.OBJ
C:\USERS\MICHAEL\DESKTOP\CORE\CORE022511\SRC\BINDINGS\INFINITY_SCIPTDEV2\VC100\SCRIPTDEV2__X64_RELEASE\BOSS_VALITHRIA_DREAMWALKER.OBJ
C:\USERS\MICHAEL\DESKTOP\CORE\CORE022511\SRC\BINDINGS\INFINITY_SCIPTDEV2\VC100\SCRIPTDEV2__X64_RELEASE\BOSS_VANNDAR.OBJ
C:\USERS\MICHAEL\DESKTOP\CORE\CORE022511\SRC\BINDINGS\INFINITY_SCIPTDEV2\VC100\SCRIPTDEV2__X64_RELEASE\BOSS_VAROS.OBJ
C:\USERS\MICHAEL\DESKTOP\CORE\CORE022511\SRC\BINDINGS\INFINITY_SCIPTDEV2\VC100\SCRIPTDEV2__X64_RELEASE\BOSS_VECTUS.OBJ
C:\USERS\MICHAEL\DESKTOP\CORE\CORE022511\SRC\BINDINGS\INFINITY_SCIPTDEV2\VC100\SCRIPTDEV2__X64_RELEASE\BOSS_VENOXIS.OBJ
C:\USERS\MICHAEL\DESKTOP\CORE\CORE022511\SRC\BINDINGS\INFINITY_SCIPTDEV2\VC100\SCRIPTDEV2__X64_RELEASE\BOSS_VEXALLUS.OBJ
C:\USERS\MICHAEL\DESKTOP\CORE\CORE022511\SRC\BINDINGS\INFINITY_SCIPTDEV2\VC100\SCRIPTDEV2__X64_RELEASE\BOSS_VEZAX.OBJ
C:\USERS\MICHAEL\DESKTOP\CORE\CORE022511\SRC\BINDINGS\INFINITY_SCIPTDEV2\VC100\SCRIPTDEV2__X64_RELEASE\BOSS_VICTOR_NEFARIUS.OBJ
C:\USERS\MICHAEL\DESKTOP\CORE\CORE022511\SRC\BINDINGS\INFINITY_SCIPTDEV2\VC100\SCRIPTDEV2__X64_RELEASE\BOSS_VISCIDUS.OBJ
C:\USERS\MICHAEL\DESKTOP\CORE\CORE022511\SRC\BINDINGS\INFINITY_SCIPTDEV2\VC100\SCRIPTDEV2__X64_RELEASE\BOSS_VOID_REAVER.OBJ
C:\USERS\MICHAEL\DESKTOP\CORE\CORE022511\SRC\BINDINGS\INFINITY_SCIPTDEV2\VC100\SCRIPTDEV2__X64_RELEASE\BOSS_VOLAZJ.OBJ
C:\USERS\MICHAEL\DESKTOP\CORE\CORE022511\SRC\BINDINGS\INFINITY_SCIPTDEV2\VC100\SCRIPTDEV2__X64_RELEASE\BOSS_VOLKHAN.OBJ
C:\USERS\MICHAEL\DESKTOP\CORE\CORE022511\SRC\BINDINGS\INFINITY_SCIPTDEV2\VC100\SCRIPTDEV2__X64_RELEASE\BOSS_WARBRINGER_OMROGG.OBJ
C:\USERS\MICHAEL\DESKTOP\CORE\CORE022511\SRC\BINDINGS\INFINITY_SCIPTDEV2\VC100\SCRIPTDEV2__X64_RELEASE\BOSS_WARCHIEF_KARGATH_BLADEFIST.OBJ
C:\USERS\MICHAEL\DESKTOP\CORE\CORE022511\SRC\BINDINGS\INFINITY_SCIPTDEV2\VC100\SCRIPTDEV2__X64_RELEASE\BOSS_WARLORD_KALITHRESH.OBJ
C:\USERS\MICHAEL\DESKTOP\CORE\CORE022511\SRC\BINDINGS\INFINITY_SCIPTDEV2\VC100\SCRIPTDEV2__X64_RELEASE\BOSS_WARLORD_NAJENTUS.OBJ
C:\USERS\MICHAEL\DESKTOP\CORE\CORE022511\SRC\BINDINGS\INFINITY_SCIPTDEV2\VC100\SCRIPTDEV2__X64_RELEASE\BOSS_WARMASTER_VOONE.OBJ
C:\USERS\MICHAEL\DESKTOP\CORE\CORE022511\SRC\BINDINGS\INFINITY_SCIPTDEV2\VC100\SCRIPTDEV2__X64_RELEASE\BOSS_WARP_SPLINTER.OBJ
C:\USERS\MICHAEL\DESKTOP\CORE\CORE022511\SRC\BINDINGS\INFINITY_SCIPTDEV2\VC100\SCRIPTDEV2__X64_RELEASE\BOSS_WATCHKEEPER_GARGOLMAR.OBJ
C:\USERS\MICHAEL\DESKTOP\CORE\CORE022511\SRC\BINDINGS\INFINITY_SCIPTDEV2\VC100\SCRIPTDEV2__X64_RELEASE\BOSS_WUSHOOLAY.OBJ
C:\USERS\MICHAEL\DESKTOP\CORE\CORE022511\SRC\BINDINGS\INFINITY_SCIPTDEV2\VC100\SCRIPTDEV2__X64_RELEASE\BOSS_XEVOZZ.OBJ
C:\USERS\MICHAEL\DESKTOP\CORE\CORE022511\SRC\BINDINGS\INFINITY_SCIPTDEV2\VC100\SCRIPTDEV2__X64_RELEASE\BOSS_XT002.OBJ
C:\USERS\MICHAEL\DESKTOP\CORE\CORE022511\SRC\BINDINGS\INFINITY_SCIPTDEV2\VC100\SCRIPTDEV2__X64_RELEASE\BOSS_YMIRON.OBJ
C:\USERS\MICHAEL\DESKTOP\CORE\CORE022511\SRC\BINDINGS\INFINITY_SCIPTDEV2\VC100\SCRIPTDEV2__X64_RELEASE\BOSS_YOGG_SARON.OBJ
C:\USERS\MICHAEL\DESKTOP\CORE\CORE022511\SRC\BINDINGS\INFINITY_SCIPTDEV2\VC100\SCRIPTDEV2__X64_RELEASE\BOSS_YSONDRE.OBJ
C:\USERS\MICHAEL\DESKTOP\CORE\CORE022511\SRC\BINDINGS\INFINITY_SCIPTDEV2\VC100\SCRIPTDEV2__X64_RELEASE\BOSS_ZARITHRIAN.OBJ
C:\USERS\MICHAEL\DESKTOP\CORE\CORE022511\SRC\BINDINGS\INFINITY_SCIPTDEV2\VC100\SCRIPTDEV2__X64_RELEASE\BOSS_ZULJIN.OBJ
C:\USERS\MICHAEL\DESKTOP\CORE\CORE022511\SRC\BINDINGS\INFINITY_SCIPTDEV2\VC100\SCRIPTDEV2__X64_RELEASE\BOSS_ZUMRAH.OBJ
C:\USERS\MICHAEL\DESKTOP\CORE\CORE022511\SRC\BINDINGS\INFINITY_SCIPTDEV2\VC100\SCRIPTDEV2__X64_RELEASE\BOSS_ZURAMAT.OBJ
C:\USERS\MICHAEL\DESKTOP\CORE\CORE022511\SRC\BINDINGS\INFINITY_SCIPTDEV2\VC100\SCRIPTDEV2__X64_RELEASE\BOSSES_OPERA.OBJ
C:\USERS\MICHAEL\DESKTOP\CORE\CORE022511\SRC\BINDINGS\INFINITY_SCIPTDEV2\VC100\SCRIPTDEV2__X64_RELEASE\BSW_AI.OBJ
C:\USERS\MICHAEL\DESKTOP\CORE\CORE022511\SRC\BINDINGS\INFINITY_SCIPTDEV2\VC100\SCRIPTDEV2__X64_RELEASE\BSW_INSTANCE.OBJ
C:\USERS\MICHAEL\DESKTOP\CORE\CORE022511\SRC\BINDINGS\INFINITY_SCIPTDEV2\VC100\SCRIPTDEV2__X64_RELEASE\BURNING_STEPPES.OBJ
C:\USERS\MICHAEL\DESKTOP\CORE\CORE022511\SRC\BINDINGS\INFINITY_SCIPTDEV2\VC100\SCRIPTDEV2__X64_RELEASE\CHESS_EVENT.OBJ
C:\Users\Michael\Desktop\Core\Core022511\src\bindings\Infinity_SciptDev2\VC100\ScriptDev2__x64_Release\CL.2652.read.1.tlog
C:\Users\Michael\Desktop\Core\Core022511\src\bindings\Infinity_SciptDev2\VC100\ScriptDev2__x64_Release\CL.2652.write.1.tlog
C:\Users\Michael\Desktop\Core\Core022511\src\bindings\Infinity_SciptDev2\VC100\ScriptDev2__x64_Release\CL.3844.read.1.tlog
C:\Users\Michael\Desktop\Core\Core022511\src\bindings\Infinity_SciptDev2\VC100\ScriptDev2__x64_Release\CL.3844.write.1.tlog
C:\Users\Michael\Desktop\Core\Core022511\src\bindings\Infinity_SciptDev2\VC100\ScriptDev2__x64_Release\CL.5152.read.1.tlog
C:\Users\Michael\Desktop\Core\Core022511\src\bindings\Infinity_SciptDev2\VC100\ScriptDev2__x64_Release\CL.5152.write.1.tlog
C:\Users\Michael\Desktop\Core\Core022511\src\bindings\Infinity_SciptDev2\VC100\ScriptDev2__x64_Release\CL.5256.read.1.tlog
C:\Users\Michael\Desktop\Core\Core022511\src\bindings\Infinity_SciptDev2\VC100\ScriptDev2__x64_Release\CL.5256.write.1.tlog
C:\Users\Michael\Desktop\Core\Core022511\src\bindings\Infinity_SciptDev2\VC100\ScriptDev2__x64_Release\cl.command.1.tlog
C:\Users\Michael\Desktop\Core\Core022511\src\bindings\Infinity_SciptDev2\VC100\ScriptDev2__x64_Release\CL.read.1.tlog
C:\Users\Michael\Desktop\Core\Core022511\src\bindings\Infinity_SciptDev2\VC100\ScriptDev2__x64_Release\CL.write.1.tlog
C:\USERS\MICHAEL\DESKTOP\CORE\CORE022511\SRC\BINDINGS\INFINITY_SCIPTDEV2\VC100\SCRIPTDEV2__X64_RELEASE\COMMANDER_KOLURG.OBJ
C:\USERS\MICHAEL\DESKTOP\CORE\CORE022511\SRC\BINDINGS\INFINITY_SCIPTDEV2\VC100\SCRIPTDEV2__X64_RELEASE\COMMANDER_STOUTBEARD.OBJ
C:\USERS\MICHAEL\DESKTOP\CORE\CORE022511\SRC\BINDINGS\INFINITY_SCIPTDEV2\VC100\SCRIPTDEV2__X64_RELEASE\CULLING_OF_STRATHOLME.OBJ
C:\USERS\MICHAEL\DESKTOP\CORE\CORE022511\SRC\BINDINGS\INFINITY_SCIPTDEV2\VC100\SCRIPTDEV2__X64_RELEASE\CULLING_OF_STRATHOLMEAI.OBJ
C:\USERS\MICHAEL\DESKTOP\CORE\CORE022511\SRC\BINDINGS\INFINITY_SCIPTDEV2\VC100\SCRIPTDEV2__X64_RELEASE\CUSTOM_BOSS.OBJ
C:\USERS\MICHAEL\DESKTOP\CORE\CORE022511\SRC\BINDINGS\INFINITY_SCIPTDEV2\VC100\SCRIPTDEV2__X64_RELEASE\CUSTOM_BOSS_CHEN.OBJ
C:\USERS\MICHAEL\DESKTOP\CORE\CORE022511\SRC\BINDINGS\INFINITY_SCIPTDEV2\VC100\SCRIPTDEV2__X64_RELEASE\CUSTOM_GAMEOBJECTS.OBJ
C:\USERS\MICHAEL\DESKTOP\CORE\CORE022511\SRC\BINDINGS\INFINITY_SCIPTDEV2\VC100\SCRIPTDEV2__X64_RELEASE\CUSTOM_ITEMS.OBJ
C:\USERS\MICHAEL\DESKTOP\CORE\CORE022511\SRC\BINDINGS\INFINITY_SCIPTDEV2\VC100\SCRIPTDEV2__X64_RELEASE\CUSTOM_NPC_BUFFMASTER.OBJ
C:\USERS\MICHAEL\DESKTOP\CORE\CORE022511\SRC\BINDINGS\INFINITY_SCIPTDEV2\VC100\SCRIPTDEV2__X64_RELEASE\CUSTOM_NPC_GUILDMASTER.OBJ
C:\USERS\MICHAEL\DESKTOP\CORE\CORE022511\SRC\BINDINGS\INFINITY_SCIPTDEV2\VC100\SCRIPTDEV2__X64_RELEASE\CUSTOM_NPC_NEWS.OBJ
C:\USERS\MICHAEL\DESKTOP\CORE\CORE022511\SRC\BINDINGS\INFINITY_SCIPTDEV2\VC100\SCRIPTDEV2__X64_RELEASE\CUSTOM_NPC_PROFESSIONMASTER.OBJ
C:\USERS\MICHAEL\DESKTOP\CORE\CORE022511\SRC\BINDINGS\INFINITY_SCIPTDEV2\VC100\SCRIPTDEV2__X64_RELEASE\CUSTOM_NPC_RENAMECHARACTER.OBJ
C:\USERS\MICHAEL\DESKTOP\CORE\CORE022511\SRC\BINDINGS\INFINITY_SCIPTDEV2\VC100\SCRIPTDEV2__X64_RELEASE\CUSTOM_NPC_RESETINSTANCE.OBJ
C:\USERS\MICHAEL\DESKTOP\CORE\CORE022511\SRC\BINDINGS\INFINITY_SCIPTDEV2\VC100\SCRIPTDEV2__X64_RELEASE\CUSTOM_NPC_RESETLEVEL.OBJ
C:\USERS\MICHAEL\DESKTOP\CORE\CORE022511\SRC\BINDINGS\INFINITY_SCIPTDEV2\VC100\SCRIPTDEV2__X64_RELEASE\CUSTOM_NPC_SPELLMASTER.OBJ
C:\USERS\MICHAEL\DESKTOP\CORE\CORE022511\SRC\BINDINGS\INFINITY_SCIPTDEV2\VC100\SCRIPTDEV2__X64_RELEASE\CUSTOM_NPC_TELEPORTMASTER.OBJ
C:\USERS\MICHAEL\DESKTOP\CORE\CORE022511\SRC\BINDINGS\INFINITY_SCIPTDEV2\VC100\SCRIPTDEV2__X64_RELEASE\CUSTOM_NPC_TITLEMASTER.OBJ
C:\USERS\MICHAEL\DESKTOP\CORE\CORE022511\SRC\BINDINGS\INFINITY_SCIPTDEV2\VC100\SCRIPTDEV2__X64_RELEASE\CUSTOM_NPC_TOKENVENDOR.OBJ
C:\USERS\MICHAEL\DESKTOP\CORE\CORE022511\SRC\BINDINGS\INFINITY_SCIPTDEV2\VC100\SCRIPTDEV2__X64_RELEASE\CUSTOM_SCRIPT_TRAINING_DUMMY.OBJ
C:\Users\Michael\Desktop\Core\Core022511\src\bindings\Infinity_SciptDev2\VC100\ScriptDev2__x64_Release\custombuild.command.1.tlog
C:\Users\Michael\Desktop\Core\Core022511\src\bindings\Infinity_SciptDev2\VC100\ScriptDev2__x64_Release\custombuild.read.1.tlog
C:\Users\Michael\Desktop\Core\Core022511\src\bindings\Infinity_SciptDev2\VC100\ScriptDev2__x64_Release\custombuild.write.1.tlog
C:\USERS\MICHAEL\DESKTOP\CORE\CORE022511\SRC\BINDINGS\INFINITY_SCIPTDEV2\VC100\SCRIPTDEV2__X64_RELEASE\DALARAN.OBJ
C:\USERS\MICHAEL\DESKTOP\CORE\CORE022511\SRC\BINDINGS\INFINITY_SCIPTDEV2\VC100\SCRIPTDEV2__X64_RELEASE\DARK_PORTAL.OBJ
C:\USERS\MICHAEL\DESKTOP\CORE\CORE022511\SRC\BINDINGS\INFINITY_SCIPTDEV2\VC100\SCRIPTDEV2__X64_RELEASE\DARKSHORE.OBJ
C:\USERS\MICHAEL\DESKTOP\CORE\CORE022511\SRC\BINDINGS\INFINITY_SCIPTDEV2\VC100\SCRIPTDEV2__X64_RELEASE\DEADMINES.OBJ
C:\USERS\MICHAEL\DESKTOP\CORE\CORE022511\SRC\BINDINGS\INFINITY_SCIPTDEV2\VC100\SCRIPTDEV2__X64_RELEASE\DESOLACE.OBJ
C:\USERS\MICHAEL\DESKTOP\CORE\CORE022511\SRC\BINDINGS\INFINITY_SCIPTDEV2\VC100\SCRIPTDEV2__X64_RELEASE\DIRE_MAUL.OBJ
C:\USERS\MICHAEL\DESKTOP\CORE\CORE022511\SRC\BINDINGS\INFINITY_SCIPTDEV2\VC100\SCRIPTDEV2__X64_RELEASE\DRAGONBLIGHT.OBJ
C:\USERS\MICHAEL\DESKTOP\CORE\CORE022511\SRC\BINDINGS\INFINITY_SCIPTDEV2\VC100\SCRIPTDEV2__X64_RELEASE\DUN_MOROGH.OBJ
C:\USERS\MICHAEL\DESKTOP\CORE\CORE022511\SRC\BINDINGS\INFINITY_SCIPTDEV2\VC100\SCRIPTDEV2__X64_RELEASE\DUSTWALLOW_MARSH.OBJ
C:\USERS\MICHAEL\DESKTOP\CORE\CORE022511\SRC\BINDINGS\INFINITY_SCIPTDEV2\VC100\SCRIPTDEV2__X64_RELEASE\EASTERN_PLAGUELANDS.OBJ
C:\USERS\MICHAEL\DESKTOP\CORE\CORE022511\SRC\BINDINGS\INFINITY_SCIPTDEV2\VC100\SCRIPTDEV2__X64_RELEASE\EBON_HOLD.OBJ
C:\USERS\MICHAEL\DESKTOP\CORE\CORE022511\SRC\BINDINGS\INFINITY_SCIPTDEV2\VC100\SCRIPTDEV2__X64_RELEASE\ELWYNN_FOREST.OBJ
C:\USERS\MICHAEL\DESKTOP\CORE\CORE022511\SRC\BINDINGS\INFINITY_SCIPTDEV2\VC100\SCRIPTDEV2__X64_RELEASE\ESCORT_AI.OBJ
C:\USERS\MICHAEL\DESKTOP\CORE\CORE022511\SRC\BINDINGS\INFINITY_SCIPTDEV2\VC100\SCRIPTDEV2__X64_RELEASE\EVERSONG_WOODS.OBJ
C:\USERS\MICHAEL\DESKTOP\CORE\CORE022511\SRC\BINDINGS\INFINITY_SCIPTDEV2\VC100\SCRIPTDEV2__X64_RELEASE\EXAMPLE_CREATURE.OBJ
C:\USERS\MICHAEL\DESKTOP\CORE\CORE022511\SRC\BINDINGS\INFINITY_SCIPTDEV2\VC100\SCRIPTDEV2__X64_RELEASE\EXAMPLE_ESCORT.OBJ
C:\USERS\MICHAEL\DESKTOP\CORE\CORE022511\SRC\BINDINGS\INFINITY_SCIPTDEV2\VC100\SCRIPTDEV2__X64_RELEASE\EXAMPLE_GOSSIP_CODEBOX.OBJ
C:\USERS\MICHAEL\DESKTOP\CORE\CORE022511\SRC\BINDINGS\INFINITY_SCIPTDEV2\VC100\SCRIPTDEV2__X64_RELEASE\EXAMPLE_MISC.OBJ
C:\USERS\MICHAEL\DESKTOP\CORE\CORE022511\SRC\BINDINGS\INFINITY_SCIPTDEV2\VC100\SCRIPTDEV2__X64_RELEASE\FELWOOD.OBJ
C:\USERS\MICHAEL\DESKTOP\CORE\CORE022511\SRC\BINDINGS\INFINITY_SCIPTDEV2\VC100\SCRIPTDEV2__X64_RELEASE\FERALAS.OBJ
C:\USERS\MICHAEL\DESKTOP\CORE\CORE022511\SRC\BINDINGS\INFINITY_SCIPTDEV2\VC100\SCRIPTDEV2__X64_RELEASE\FOLLOWER_AI.OBJ
C:\USERS\MICHAEL\DESKTOP\CORE\CORE022511\SRC\BINDINGS\INFINITY_SCIPTDEV2\VC100\SCRIPTDEV2__X64_RELEASE\FORGE_OF_SOULS.OBJ
C:\USERS\MICHAEL\DESKTOP\CORE\CORE022511\SRC\BINDINGS\INFINITY_SCIPTDEV2\VC100\SCRIPTDEV2__X64_RELEASE\G_MARCUS_JONATHAN.OBJ
C:\USERS\MICHAEL\DESKTOP\CORE\CORE022511\SRC\BINDINGS\INFINITY_SCIPTDEV2\VC100\SCRIPTDEV2__X64_RELEASE\GHOSTLANDS.OBJ
C:\USERS\MICHAEL\DESKTOP\CORE\CORE022511\SRC\BINDINGS\INFINITY_SCIPTDEV2\VC100\SCRIPTDEV2__X64_RELEASE\GNOMEREGAN.OBJ
C:\USERS\MICHAEL\DESKTOP\CORE\CORE022511\SRC\BINDINGS\INFINITY_SCIPTDEV2\VC100\SCRIPTDEV2__X64_RELEASE\GO_SCRIPTS.OBJ
C:\USERS\MICHAEL\DESKTOP\CORE\CORE022511\SRC\BINDINGS\INFINITY_SCIPTDEV2\VC100\SCRIPTDEV2__X64_RELEASE\GRIZZLY_HILLS.OBJ
C:\USERS\MICHAEL\DESKTOP\CORE\CORE022511\SRC\BINDINGS\INFINITY_SCIPTDEV2\VC100\SCRIPTDEV2__X64_RELEASE\GUARD_AI.OBJ
C:\USERS\MICHAEL\DESKTOP\CORE\CORE022511\SRC\BINDINGS\INFINITY_SCIPTDEV2\VC100\SCRIPTDEV2__X64_RELEASE\GUARDS.OBJ
C:\USERS\MICHAEL\DESKTOP\CORE\CORE022511\SRC\BINDINGS\INFINITY_SCIPTDEV2\VC100\SCRIPTDEV2__X64_RELEASE\GUNSHIP_BATTLE.OBJ
C:\USERS\MICHAEL\DESKTOP\CORE\CORE022511\SRC\BINDINGS\INFINITY_SCIPTDEV2\VC100\SCRIPTDEV2__X64_RELEASE\HALLS_OF_REFLECTION.OBJ
C:\USERS\MICHAEL\DESKTOP\CORE\CORE022511\SRC\BINDINGS\INFINITY_SCIPTDEV2\VC100\SCRIPTDEV2__X64_RELEASE\HALLS_OF_STONE.OBJ
C:\USERS\MICHAEL\DESKTOP\CORE\CORE022511\SRC\BINDINGS\INFINITY_SCIPTDEV2\VC100\SCRIPTDEV2__X64_RELEASE\HELLFIRE_PENINSULA.OBJ
C:\USERS\MICHAEL\DESKTOP\CORE\CORE022511\SRC\BINDINGS\INFINITY_SCIPTDEV2\VC100\SCRIPTDEV2__X64_RELEASE\HIGH_FIRE_MAGE.OBJ
C:\USERS\MICHAEL\DESKTOP\CORE\CORE022511\SRC\BINDINGS\INFINITY_SCIPTDEV2\VC100\SCRIPTDEV2__X64_RELEASE\HIGH_SORCERER_ANDROMATH.OBJ
C:\USERS\MICHAEL\DESKTOP\CORE\CORE022511\SRC\BINDINGS\INFINITY_SCIPTDEV2\VC100\SCRIPTDEV2__X64_RELEASE\HIGHLORD_BOLVAR_FORDRAGON.OBJ
C:\USERS\MICHAEL\DESKTOP\CORE\CORE022511\SRC\BINDINGS\INFINITY_SCIPTDEV2\VC100\SCRIPTDEV2__X64_RELEASE\HINTERLANDS.OBJ
C:\USERS\MICHAEL\DESKTOP\CORE\CORE022511\SRC\BINDINGS\INFINITY_SCIPTDEV2\VC100\SCRIPTDEV2__X64_RELEASE\HOWLING_FJORD.OBJ
C:\USERS\MICHAEL\DESKTOP\CORE\CORE022511\SRC\BINDINGS\INFINITY_SCIPTDEV2\VC100\SCRIPTDEV2__X64_RELEASE\HYJAL.OBJ
C:\USERS\MICHAEL\DESKTOP\CORE\CORE022511\SRC\BINDINGS\INFINITY_SCIPTDEV2\VC100\SCRIPTDEV2__X64_RELEASE\HYJALAI.OBJ
C:\USERS\MICHAEL\DESKTOP\CORE\CORE022511\SRC\BINDINGS\INFINITY_SCIPTDEV2\VC100\SCRIPTDEV2__X64_RELEASE\ICECROWN.OBJ
C:\USERS\MICHAEL\DESKTOP\CORE\CORE022511\SRC\BINDINGS\INFINITY_SCIPTDEV2\VC100\SCRIPTDEV2__X64_RELEASE\ICECROWN_SPIRE.OBJ
C:\USERS\MICHAEL\DESKTOP\CORE\CORE022511\SRC\BINDINGS\INFINITY_SCIPTDEV2\VC100\SCRIPTDEV2__X64_RELEASE\ICECROWN_TELEPORT.OBJ
C:\USERS\MICHAEL\DESKTOP\CORE\CORE022511\SRC\BINDINGS\INFINITY_SCIPTDEV2\VC100\SCRIPTDEV2__X64_RELEASE\ILLIDARI_COUNCIL.OBJ
C:\USERS\MICHAEL\DESKTOP\CORE\CORE022511\SRC\BINDINGS\INFINITY_SCIPTDEV2\VC100\SCRIPTDEV2__X64_RELEASE\INFINITY_TRASH.OBJ
C:\USERS\MICHAEL\DESKTOP\CORE\CORE022511\SRC\BINDINGS\INFINITY_SCIPTDEV2\VC100\SCRIPTDEV2__X64_RELEASE\INSTANCE_AHNKAHET.OBJ
C:\USERS\MICHAEL\DESKTOP\CORE\CORE022511\SRC\BINDINGS\INFINITY_SCIPTDEV2\VC100\SCRIPTDEV2__X64_RELEASE\INSTANCE_ARCATRAZ.OBJ
C:\USERS\MICHAEL\DESKTOP\CORE\CORE022511\SRC\BINDINGS\INFINITY_SCIPTDEV2\VC100\SCRIPTDEV2__X64_RELEASE\INSTANCE_AZJOL-NERUB.OBJ
C:\USERS\MICHAEL\DESKTOP\CORE\CORE022511\SRC\BINDINGS\INFINITY_SCIPTDEV2\VC100\SCRIPTDEV2__X64_RELEASE\INSTANCE_BLACK_TEMPLE.OBJ
C:\USERS\MICHAEL\DESKTOP\CORE\CORE022511\SRC\BINDINGS\INFINITY_SCIPTDEV2\VC100\SCRIPTDEV2__X64_RELEASE\INSTANCE_BLACKFATHOM_DEEPS.OBJ
C:\USERS\MICHAEL\DESKTOP\CORE\CORE022511\SRC\BINDINGS\INFINITY_SCIPTDEV2\VC100\SCRIPTDEV2__X64_RELEASE\INSTANCE_BLACKROCK_DEPTHS.OBJ
C:\USERS\MICHAEL\DESKTOP\CORE\CORE022511\SRC\BINDINGS\INFINITY_SCIPTDEV2\VC100\SCRIPTDEV2__X64_RELEASE\INSTANCE_BLACKROCK_SPIRE.OBJ
C:\USERS\MICHAEL\DESKTOP\CORE\CORE022511\SRC\BINDINGS\INFINITY_SCIPTDEV2\VC100\SCRIPTDEV2__X64_RELEASE\INSTANCE_BLACKWING_LAIR.OBJ
C:\USERS\MICHAEL\DESKTOP\CORE\CORE022511\SRC\BINDINGS\INFINITY_SCIPTDEV2\VC100\SCRIPTDEV2__X64_RELEASE\INSTANCE_BLOOD_FURNACE.OBJ
C:\USERS\MICHAEL\DESKTOP\CORE\CORE022511\SRC\BINDINGS\INFINITY_SCIPTDEV2\VC100\SCRIPTDEV2__X64_RELEASE\INSTANCE_CULLING_OF_STRATHOLME.OBJ
C:\USERS\MICHAEL\DESKTOP\CORE\CORE022511\SRC\BINDINGS\INFINITY_SCIPTDEV2\VC100\SCRIPTDEV2__X64_RELEASE\INSTANCE_DARK_PORTAL.OBJ
C:\USERS\MICHAEL\DESKTOP\CORE\CORE022511\SRC\BINDINGS\INFINITY_SCIPTDEV2\VC100\SCRIPTDEV2__X64_RELEASE\INSTANCE_DEADMINES.OBJ
C:\USERS\MICHAEL\DESKTOP\CORE\CORE022511\SRC\BINDINGS\INFINITY_SCIPTDEV2\VC100\SCRIPTDEV2__X64_RELEASE\INSTANCE_DIRE_MAUL.OBJ
C:\USERS\MICHAEL\DESKTOP\CORE\CORE022511\SRC\BINDINGS\INFINITY_SCIPTDEV2\VC100\SCRIPTDEV2__X64_RELEASE\INSTANCE_DRAKTHARON_KEEP.OBJ
C:\USERS\MICHAEL\DESKTOP\CORE\CORE022511\SRC\BINDINGS\INFINITY_SCIPTDEV2\VC100\SCRIPTDEV2__X64_RELEASE\INSTANCE_EYE_OF_ETERNITY.OBJ
C:\USERS\MICHAEL\DESKTOP\CORE\CORE022511\SRC\BINDINGS\INFINITY_SCIPTDEV2\VC100\SCRIPTDEV2__X64_RELEASE\INSTANCE_FORGE_OF_SOULS.OBJ
C:\USERS\MICHAEL\DESKTOP\CORE\CORE022511\SRC\BINDINGS\INFINITY_SCIPTDEV2\VC100\SCRIPTDEV2__X64_RELEASE\INSTANCE_GNOMEREGAN.OBJ
C:\USERS\MICHAEL\DESKTOP\CORE\CORE022511\SRC\BINDINGS\INFINITY_SCIPTDEV2\VC100\SCRIPTDEV2__X64_RELEASE\INSTANCE_GRUULS_LAIR.OBJ
C:\USERS\MICHAEL\DESKTOP\CORE\CORE022511\SRC\BINDINGS\INFINITY_SCIPTDEV2\VC100\SCRIPTDEV2__X64_RELEASE\INSTANCE_GUNDRAK.OBJ
C:\USERS\MICHAEL\DESKTOP\CORE\CORE022511\SRC\BINDINGS\INFINITY_SCIPTDEV2\VC100\SCRIPTDEV2__X64_RELEASE\INSTANCE_HALLS_OF_LIGHTNING.OBJ
C:\USERS\MICHAEL\DESKTOP\CORE\CORE022511\SRC\BINDINGS\INFINITY_SCIPTDEV2\VC100\SCRIPTDEV2__X64_RELEASE\INSTANCE_HALLS_OF_REFLECTION.OBJ
C:\USERS\MICHAEL\DESKTOP\CORE\CORE022511\SRC\BINDINGS\INFINITY_SCIPTDEV2\VC100\SCRIPTDEV2__X64_RELEASE\INSTANCE_HALLS_OF_STONE.OBJ
C:\USERS\MICHAEL\DESKTOP\CORE\CORE022511\SRC\BINDINGS\INFINITY_SCIPTDEV2\VC100\SCRIPTDEV2__X64_RELEASE\INSTANCE_HELLFIRE_RAMPARTS.OBJ
C:\USERS\MICHAEL\DESKTOP\CORE\CORE022511\SRC\BINDINGS\INFINITY_SCIPTDEV2\VC100\SCRIPTDEV2__X64_RELEASE\INSTANCE_HYJAL.OBJ
C:\USERS\MICHAEL\DESKTOP\CORE\CORE022511\SRC\BINDINGS\INFINITY_SCIPTDEV2\VC100\SCRIPTDEV2__X64_RELEASE\INSTANCE_ICECROWN_CITADEL.OBJ
C:\USERS\MICHAEL\DESKTOP\CORE\CORE022511\SRC\BINDINGS\INFINITY_SCIPTDEV2\VC100\SCRIPTDEV2__X64_RELEASE\INSTANCE_ICECROWN_SPIRE.OBJ
C:\USERS\MICHAEL\DESKTOP\CORE\CORE022511\SRC\BINDINGS\INFINITY_SCIPTDEV2\VC100\SCRIPTDEV2__X64_RELEASE\INSTANCE_KARAZHAN.OBJ
C:\USERS\MICHAEL\DESKTOP\CORE\CORE022511\SRC\BINDINGS\INFINITY_SCIPTDEV2\VC100\SCRIPTDEV2__X64_RELEASE\INSTANCE_MAGISTERS_TERRACE.OBJ
C:\USERS\MICHAEL\DESKTOP\CORE\CORE022511\SRC\BINDINGS\INFINITY_SCIPTDEV2\VC100\SCRIPTDEV2__X64_RELEASE\INSTANCE_MAGTHERIDONS_LAIR.OBJ
C:\USERS\MICHAEL\DESKTOP\CORE\CORE022511\SRC\BINDINGS\INFINITY_SCIPTDEV2\VC100\SCRIPTDEV2__X64_RELEASE\INSTANCE_MECHANAR.OBJ
C:\USERS\MICHAEL\DESKTOP\CORE\CORE022511\SRC\BINDINGS\INFINITY_SCIPTDEV2\VC100\SCRIPTDEV2__X64_RELEASE\INSTANCE_MOLTEN_CORE.OBJ
C:\USERS\MICHAEL\DESKTOP\CORE\CORE022511\SRC\BINDINGS\INFINITY_SCIPTDEV2\VC100\SCRIPTDEV2__X64_RELEASE\INSTANCE_NAXXRAMAS.OBJ
C:\USERS\MICHAEL\DESKTOP\CORE\CORE022511\SRC\BINDINGS\INFINITY_SCIPTDEV2\VC100\SCRIPTDEV2__X64_RELEASE\INSTANCE_NEXUS.OBJ
C:\USERS\MICHAEL\DESKTOP\CORE\CORE022511\SRC\BINDINGS\INFINITY_SCIPTDEV2\VC100\SCRIPTDEV2__X64_RELEASE\INSTANCE_OBSIDIAN_SANCTUM.OBJ
C:\USERS\MICHAEL\DESKTOP\CORE\CORE022511\SRC\BINDINGS\INFINITY_SCIPTDEV2\VC100\SCRIPTDEV2__X64_RELEASE\INSTANCE_OCULUS.OBJ
C:\USERS\MICHAEL\DESKTOP\CORE\CORE022511\SRC\BINDINGS\INFINITY_SCIPTDEV2\VC100\SCRIPTDEV2__X64_RELEASE\INSTANCE_OLD_HILLSBRAD.OBJ
C:\USERS\MICHAEL\DESKTOP\CORE\CORE022511\SRC\BINDINGS\INFINITY_SCIPTDEV2\VC100\SCRIPTDEV2__X64_RELEASE\INSTANCE_ONYXIAS_LAIR.OBJ
C:\USERS\MICHAEL\DESKTOP\CORE\CORE022511\SRC\BINDINGS\INFINITY_SCIPTDEV2\VC100\SCRIPTDEV2__X64_RELEASE\INSTANCE_PIT_OF_SARON.OBJ
C:\USERS\MICHAEL\DESKTOP\CORE\CORE022511\SRC\BINDINGS\INFINITY_SCIPTDEV2\VC100\SCRIPTDEV2__X64_RELEASE\INSTANCE_RAZORFEN_KRAUL.OBJ
C:\USERS\MICHAEL\DESKTOP\CORE\CORE022511\SRC\BINDINGS\INFINITY_SCIPTDEV2\VC100\SCRIPTDEV2__X64_RELEASE\INSTANCE_RUBY_SANCTUM.OBJ
C:\USERS\MICHAEL\DESKTOP\CORE\CORE022511\SRC\BINDINGS\INFINITY_SCIPTDEV2\VC100\SCRIPTDEV2__X64_RELEASE\INSTANCE_RUINS_OF_AHNQIRAJ.OBJ
C:\USERS\MICHAEL\DESKTOP\CORE\CORE022511\SRC\BINDINGS\INFINITY_SCIPTDEV2\VC100\SCRIPTDEV2__X64_RELEASE\INSTANCE_SCARLET_MONASTERY.OBJ
C:\USERS\MICHAEL\DESKTOP\CORE\CORE022511\SRC\BINDINGS\INFINITY_SCIPTDEV2\VC100\SCRIPTDEV2__X64_RELEASE\INSTANCE_SCHOLOMANCE.OBJ
C:\USERS\MICHAEL\DESKTOP\CORE\CORE022511\SRC\BINDINGS\INFINITY_SCIPTDEV2\VC100\SCRIPTDEV2__X64_RELEASE\INSTANCE_SERPENT_SHRINE.OBJ
C:\USERS\MICHAEL\DESKTOP\CORE\CORE022511\SRC\BINDINGS\INFINITY_SCIPTDEV2\VC100\SCRIPTDEV2__X64_RELEASE\INSTANCE_SETHEKK_HALLS.OBJ
C:\USERS\MICHAEL\DESKTOP\CORE\CORE022511\SRC\BINDINGS\INFINITY_SCIPTDEV2\VC100\SCRIPTDEV2__X64_RELEASE\INSTANCE_SHADOW_LABYRINTH.OBJ
C:\USERS\MICHAEL\DESKTOP\CORE\CORE022511\SRC\BINDINGS\INFINITY_SCIPTDEV2\VC100\SCRIPTDEV2__X64_RELEASE\INSTANCE_SHADOWFANG_KEEP.OBJ
C:\USERS\MICHAEL\DESKTOP\CORE\CORE022511\SRC\BINDINGS\INFINITY_SCIPTDEV2\VC100\SCRIPTDEV2__X64_RELEASE\INSTANCE_SHATTERED_HALLS.OBJ
C:\USERS\MICHAEL\DESKTOP\CORE\CORE022511\SRC\BINDINGS\INFINITY_SCIPTDEV2\VC100\SCRIPTDEV2__X64_RELEASE\INSTANCE_STEAM_VAULT.OBJ
C:\USERS\MICHAEL\DESKTOP\CORE\CORE022511\SRC\BINDINGS\INFINITY_SCIPTDEV2\VC100\SCRIPTDEV2__X64_RELEASE\INSTANCE_STRATHOLME.OBJ
C:\USERS\MICHAEL\DESKTOP\CORE\CORE022511\SRC\BINDINGS\INFINITY_SCIPTDEV2\VC100\SCRIPTDEV2__X64_RELEASE\INSTANCE_SUNKEN_TEMPLE.OBJ
C:\USERS\MICHAEL\DESKTOP\CORE\CORE022511\SRC\BINDINGS\INFINITY_SCIPTDEV2\VC100\SCRIPTDEV2__X64_RELEASE\INSTANCE_SUNWELL_PLATEAU.OBJ
C:\USERS\MICHAEL\DESKTOP\CORE\CORE022511\SRC\BINDINGS\INFINITY_SCIPTDEV2\VC100\SCRIPTDEV2__X64_RELEASE\INSTANCE_TEMPLE_OF_AHNQIRAJ.OBJ
C:\USERS\MICHAEL\DESKTOP\CORE\CORE022511\SRC\BINDINGS\INFINITY_SCIPTDEV2\VC100\SCRIPTDEV2__X64_RELEASE\INSTANCE_THE_EYE.OBJ
C:\USERS\MICHAEL\DESKTOP\CORE\CORE022511\SRC\BINDINGS\INFINITY_SCIPTDEV2\VC100\SCRIPTDEV2__X64_RELEASE\INSTANCE_TRIAL_OF_THE_CHAMPION.OBJ
C:\USERS\MICHAEL\DESKTOP\CORE\CORE022511\SRC\BINDINGS\INFINITY_SCIPTDEV2\VC100\SCRIPTDEV2__X64_RELEASE\INSTANCE_TRIAL_OF_THE_CRUSADER.OBJ
C:\USERS\MICHAEL\DESKTOP\CORE\CORE022511\SRC\BINDINGS\INFINITY_SCIPTDEV2\VC100\SCRIPTDEV2__X64_RELEASE\INSTANCE_ULDAMAN.OBJ
C:\USERS\MICHAEL\DESKTOP\CORE\CORE022511\SRC\BINDINGS\INFINITY_SCIPTDEV2\VC100\SCRIPTDEV2__X64_RELEASE\INSTANCE_ULDUAR.OBJ
C:\USERS\MICHAEL\DESKTOP\CORE\CORE022511\SRC\BINDINGS\INFINITY_SCIPTDEV2\VC100\SCRIPTDEV2__X64_RELEASE\INSTANCE_UTGARDE_KEEP.OBJ
C:\USERS\MICHAEL\DESKTOP\CORE\CORE022511\SRC\BINDINGS\INFINITY_SCIPTDEV2\VC100\SCRIPTDEV2__X64_RELEASE\INSTANCE_UTGARDE_PINNACLE.OBJ
C:\USERS\MICHAEL\DESKTOP\CORE\CORE022511\SRC\BINDINGS\INFINITY_SCIPTDEV2\VC100\SCRIPTDEV2__X64_RELEASE\INSTANCE_VAULT_OF_ARCHAVON.OBJ
C:\USERS\MICHAEL\DESKTOP\CORE\CORE022511\SRC\BINDINGS\INFINITY_SCIPTDEV2\VC100\SCRIPTDEV2__X64_RELEASE\INSTANCE_VIOLET_HOLD.OBJ
C:\USERS\MICHAEL\DESKTOP\CORE\CORE022511\SRC\BINDINGS\INFINITY_SCIPTDEV2\VC100\SCRIPTDEV2__X64_RELEASE\INSTANCE_WAILING_CAVERNS.OBJ
C:\USERS\MICHAEL\DESKTOP\CORE\CORE022511\SRC\BINDINGS\INFINITY_SCIPTDEV2\VC100\SCRIPTDEV2__X64_RELEASE\INSTANCE_ZULAMAN.OBJ
C:\USERS\MICHAEL\DESKTOP\CORE\CORE022511\SRC\BINDINGS\INFINITY_SCIPTDEV2\VC100\SCRIPTDEV2__X64_RELEASE\INSTANCE_ZULFARRAK.OBJ
C:\USERS\MICHAEL\DESKTOP\CORE\CORE022511\SRC\BINDINGS\INFINITY_SCIPTDEV2\VC100\SCRIPTDEV2__X64_RELEASE\INSTANCE_ZULGURUB.OBJ
C:\USERS\MICHAEL\DESKTOP\CORE\CORE022511\SRC\BINDINGS\INFINITY_SCIPTDEV2\VC100\SCRIPTDEV2__X64_RELEASE\IRONFORGE.OBJ
C:\USERS\MICHAEL\DESKTOP\CORE\CORE022511\SRC\BINDINGS\INFINITY_SCIPTDEV2\VC100\SCRIPTDEV2__X64_RELEASE\ISLE_OF_QUELDANAS.OBJ
C:\USERS\MICHAEL\DESKTOP\CORE\CORE022511\SRC\BINDINGS\INFINITY_SCIPTDEV2\VC100\SCRIPTDEV2__X64_RELEASE\ITEM_SCRIPTS.OBJ
C:\USERS\MICHAEL\DESKTOP\CORE\CORE022511\SRC\BINDINGS\INFINITY_SCIPTDEV2\VC100\SCRIPTDEV2__X64_RELEASE\KARAZHAN.OBJ
C:\Users\Michael\Desktop\Core\Core022511\src\bindings\Infinity_SciptDev2\VC100\ScriptDev2__x64_Release\link.command.1.tlog
C:\Users\Michael\Desktop\Core\Core022511\src\bindings\Infinity_SciptDev2\VC100\ScriptDev2__x64_Release\link.read.1.tlog
C:\Users\Michael\Desktop\Core\Core022511\src\bindings\Infinity_SciptDev2\VC100\ScriptDev2__x64_Release\link.write.1.tlog
C:\USERS\MICHAEL\DESKTOP\CORE\CORE022511\SRC\BINDINGS\INFINITY_SCIPTDEV2\VC100\SCRIPTDEV2__X64_RELEASE\LOCH_MODAN.OBJ
C:\USERS\MICHAEL\DESKTOP\CORE\CORE022511\SRC\BINDINGS\INFINITY_SCIPTDEV2\VC100\SCRIPTDEV2__X64_RELEASE\MAGISTERS_TERRACE.OBJ
C:\USERS\MICHAEL\DESKTOP\CORE\CORE022511\SRC\BINDINGS\INFINITY_SCIPTDEV2\VC100\SCRIPTDEV2__X64_RELEASE\MANGOSDREV.OBJ
C:\USERS\MICHAEL\DESKTOP\CORE\CORE022511\SRC\BINDINGS\INFINITY_SCIPTDEV2\VC100\SCRIPTDEV2__X64_RELEASE\MANGOSSCRIPT.DLL.INTERMEDIATE.MANIFEST
C:\USERS\MICHAEL\DESKTOP\CORE\CORE022511\SRC\BINDINGS\INFINITY_SCIPTDEV2\VC100\SCRIPTDEV2__X64_RELEASE\MANGOSSCRIPT.PCH
C:\USERS\MICHAEL\DESKTOP\CORE\CORE022511\SRC\BINDINGS\INFINITY_SCIPTDEV2\VC100\SCRIPTDEV2__X64_RELEASE\MOB_ANUBISATH_SENTINEL.OBJ
C:\USERS\MICHAEL\DESKTOP\CORE\CORE022511\SRC\BINDINGS\INFINITY_SCIPTDEV2\VC100\SCRIPTDEV2__X64_RELEASE\MOB_GENERIC_CREATURE.OBJ
C:\USERS\MICHAEL\DESKTOP\CORE\CORE022511\SRC\BINDINGS\INFINITY_SCIPTDEV2\VC100\SCRIPTDEV2__X64_RELEASE\MOLTEN_CORE.OBJ
C:\USERS\MICHAEL\DESKTOP\CORE\CORE022511\SRC\BINDINGS\INFINITY_SCIPTDEV2\VC100\SCRIPTDEV2__X64_RELEASE\MOONGLADE.OBJ
C:\Users\Michael\Desktop\Core\Core022511\src\bindings\Infinity_SciptDev2\VC100\ScriptDev2__x64_Release\mt.command.1.tlog
C:\Users\Michael\Desktop\Core\Core022511\src\bindings\Infinity_SciptDev2\VC100\ScriptDev2__x64_Release\mt.read.1.tlog
C:\Users\Michael\Desktop\Core\Core022511\src\bindings\Infinity_SciptDev2\VC100\ScriptDev2__x64_Release\mt.write.1.tlog
C:\USERS\MICHAEL\DESKTOP\CORE\CORE022511\SRC\BINDINGS\INFINITY_SCIPTDEV2\VC100\SCRIPTDEV2__X64_RELEASE\MULGORE.OBJ
C:\USERS\MICHAEL\DESKTOP\CORE\CORE022511\SRC\BINDINGS\INFINITY_SCIPTDEV2\VC100\SCRIPTDEV2__X64_RELEASE\NAGRAND.OBJ
C:\USERS\MICHAEL\DESKTOP\CORE\CORE022511\SRC\BINDINGS\INFINITY_SCIPTDEV2\VC100\SCRIPTDEV2__X64_RELEASE\NETHERSTORM.OBJ
C:\USERS\MICHAEL\DESKTOP\CORE\CORE022511\SRC\BINDINGS\INFINITY_SCIPTDEV2\VC100\SCRIPTDEV2__X64_RELEASE\NPC_ARENA_HONOR.OBJ
C:\USERS\MICHAEL\DESKTOP\CORE\CORE022511\SRC\BINDINGS\INFINITY_SCIPTDEV2\VC100\SCRIPTDEV2__X64_RELEASE\NPC_PROFESSIONS.OBJ
C:\USERS\MICHAEL\DESKTOP\CORE\CORE022511\SRC\BINDINGS\INFINITY_SCIPTDEV2\VC100\SCRIPTDEV2__X64_RELEASE\NPCS_SPECIAL.OBJ
C:\USERS\MICHAEL\DESKTOP\CORE\CORE022511\SRC\BINDINGS\INFINITY_SCIPTDEV2\VC100\SCRIPTDEV2__X64_RELEASE\OCULUS.OBJ
C:\USERS\MICHAEL\DESKTOP\CORE\CORE022511\SRC\BINDINGS\INFINITY_SCIPTDEV2\VC100\SCRIPTDEV2__X64_RELEASE\OFFICERS.OBJ
C:\USERS\MICHAEL\DESKTOP\CORE\CORE022511\SRC\BINDINGS\INFINITY_SCIPTDEV2\VC100\SCRIPTDEV2__X64_RELEASE\OLD_HILLSBRAD.OBJ
C:\USERS\MICHAEL\DESKTOP\CORE\CORE022511\SRC\BINDINGS\INFINITY_SCIPTDEV2\VC100\SCRIPTDEV2__X64_RELEASE\ORGRIMMAR.OBJ
C:\USERS\MICHAEL\DESKTOP\CORE\CORE022511\SRC\BINDINGS\INFINITY_SCIPTDEV2\VC100\SCRIPTDEV2__X64_RELEASE\OVERLORD_SAURFANG.OBJ
C:\USERS\MICHAEL\DESKTOP\CORE\CORE022511\SRC\BINDINGS\INFINITY_SCIPTDEV2\VC100\SCRIPTDEV2__X64_RELEASE\PET_AI.OBJ
C:\USERS\MICHAEL\DESKTOP\CORE\CORE022511\SRC\BINDINGS\INFINITY_SCIPTDEV2\VC100\SCRIPTDEV2__X64_RELEASE\PET_SCRIPTS.OBJ
C:\USERS\MICHAEL\DESKTOP\CORE\CORE022511\SRC\BINDINGS\INFINITY_SCIPTDEV2\VC100\SCRIPTDEV2__X64_RELEASE\PIT_OF_SARON.OBJ
C:\USERS\MICHAEL\DESKTOP\CORE\CORE022511\SRC\BINDINGS\INFINITY_SCIPTDEV2\VC100\SCRIPTDEV2__X64_RELEASE\PRECOMPILED.OBJ
C:\USERS\MICHAEL\DESKTOP\CORE\CORE022511\SRC\BINDINGS\INFINITY_SCIPTDEV2\VC100\SCRIPTDEV2__X64_RELEASE\RAZORFEN_DOWNS.OBJ
C:\USERS\MICHAEL\DESKTOP\CORE\CORE022511\SRC\BINDINGS\INFINITY_SCIPTDEV2\VC100\SCRIPTDEV2__X64_RELEASE\REDRIDGE_MOUNTAINS.OBJ
C:\USERS\MICHAEL\DESKTOP\CORE\CORE022511\SRC\BINDINGS\INFINITY_SCIPTDEV2\VC100\SCRIPTDEV2__X64_RELEASE\RUBY_SANCTUM.OBJ
C:\USERS\MICHAEL\DESKTOP\CORE\CORE022511\SRC\BINDINGS\INFINITY_SCIPTDEV2\VC100\SCRIPTDEV2__X64_RELEASE\RUINS_OF_AHNQIRAJ.OBJ
C:\USERS\MICHAEL\DESKTOP\CORE\CORE022511\SRC\BINDINGS\INFINITY_SCIPTDEV2\VC100\SCRIPTDEV2__X64_RELEASE\SC_CREATURE.OBJ
C:\USERS\MICHAEL\DESKTOP\CORE\CORE022511\SRC\BINDINGS\INFINITY_SCIPTDEV2\VC100\SCRIPTDEV2__X64_RELEASE\SC_GRID_SEARCHERS.OBJ
C:\USERS\MICHAEL\DESKTOP\CORE\CORE022511\SRC\BINDINGS\INFINITY_SCIPTDEV2\VC100\SCRIPTDEV2__X64_RELEASE\SC_INSTANCE.OBJ
C:\Users\Michael\Desktop\Core\Core022511\src\bindings\Infinity_SciptDev2\VC100\ScriptDev2__x64_Release\ScriptDev2.write.1.tlog
C:\USERS\MICHAEL\DESKTOP\CORE\CORE022511\SRC\BINDINGS\INFINITY_SCIPTDEV2\VC100\SCRIPTDEV2__X64_RELEASE\SCRIPTLOADER.OBJ
C:\USERS\MICHAEL\DESKTOP\CORE\CORE022511\SRC\BINDINGS\INFINITY_SCIPTDEV2\VC100\SCRIPTDEV2__X64_RELEASE\SCRIPTMGR.OBJ
C:\USERS\MICHAEL\DESKTOP\CORE\CORE022511\SRC\BINDINGS\INFINITY_SCIPTDEV2\VC100\SCRIPTDEV2__X64_RELEASE\SEARING_GORGE.OBJ
C:\USERS\MICHAEL\DESKTOP\CORE\CORE022511\SRC\BINDINGS\INFINITY_SCIPTDEV2\VC100\SCRIPTDEV2__X64_RELEASE\SHADOWFANG_KEEP.OBJ
C:\USERS\MICHAEL\DESKTOP\CORE\CORE022511\SRC\BINDINGS\INFINITY_SCIPTDEV2\VC100\SCRIPTDEV2__X64_RELEASE\SHADOWMOON_VALLEY.OBJ
C:\USERS\MICHAEL\DESKTOP\CORE\CORE022511\SRC\BINDINGS\INFINITY_SCIPTDEV2\VC100\SCRIPTDEV2__X64_RELEASE\SHATTRATH_CITY.OBJ
C:\USERS\MICHAEL\DESKTOP\CORE\CORE022511\SRC\BINDINGS\INFINITY_SCIPTDEV2\VC100\SCRIPTDEV2__X64_RELEASE\SHOLAZAR_BASIN.OBJ
C:\USERS\MICHAEL\DESKTOP\CORE\CORE022511\SRC\BINDINGS\INFINITY_SCIPTDEV2\VC100\SCRIPTDEV2__X64_RELEASE\SILITHUS.OBJ
C:\USERS\MICHAEL\DESKTOP\CORE\CORE022511\SRC\BINDINGS\INFINITY_SCIPTDEV2\VC100\SCRIPTDEV2__X64_RELEASE\SILVERMOON_CITY.OBJ
C:\USERS\MICHAEL\DESKTOP\CORE\CORE022511\SRC\BINDINGS\INFINITY_SCIPTDEV2\VC100\SCRIPTDEV2__X64_RELEASE\SILVERPINE_FOREST.OBJ
C:\USERS\MICHAEL\DESKTOP\CORE\CORE022511\SRC\BINDINGS\INFINITY_SCIPTDEV2\VC100\SCRIPTDEV2__X64_RELEASE\SIMPLE_AI.OBJ
C:\USERS\MICHAEL\DESKTOP\CORE\CORE022511\SRC\BINDINGS\INFINITY_SCIPTDEV2\VC100\SCRIPTDEV2__X64_RELEASE\SPELL_SCRIPTS.OBJ
C:\USERS\MICHAEL\DESKTOP\CORE\CORE022511\SRC\BINDINGS\INFINITY_SCIPTDEV2\VC100\SCRIPTDEV2__X64_RELEASE\STONETALON_MOUNTAINS.OBJ
C:\USERS\MICHAEL\DESKTOP\CORE\CORE022511\SRC\BINDINGS\INFINITY_SCIPTDEV2\VC100\SCRIPTDEV2__X64_RELEASE\STORM_PEAKS.OBJ
C:\USERS\MICHAEL\DESKTOP\CORE\CORE022511\SRC\BINDINGS\INFINITY_SCIPTDEV2\VC100\SCRIPTDEV2__X64_RELEASE\STORMWIND_CITY.OBJ
C:\USERS\MICHAEL\DESKTOP\CORE\CORE022511\SRC\BINDINGS\INFINITY_SCIPTDEV2\VC100\SCRIPTDEV2__X64_RELEASE\STRANGLETHORN_VALE.OBJ
C:\USERS\MICHAEL\DESKTOP\CORE\CORE022511\SRC\BINDINGS\INFINITY_SCIPTDEV2\VC100\SCRIPTDEV2__X64_RELEASE\STRATHOLME.OBJ
C:\USERS\MICHAEL\DESKTOP\CORE\CORE022511\SRC\BINDINGS\INFINITY_SCIPTDEV2\VC100\SCRIPTDEV2__X64_RELEASE\SUNKEN_TEMPLE.OBJ
C:\USERS\MICHAEL\DESKTOP\CORE\CORE022511\SRC\BINDINGS\INFINITY_SCIPTDEV2\VC100\SCRIPTDEV2__X64_RELEASE\SWAMP_OF_SORROWS.OBJ
C:\USERS\MICHAEL\DESKTOP\CORE\CORE022511\SRC\BINDINGS\INFINITY_SCIPTDEV2\VC100\SCRIPTDEV2__X64_RELEASE\SYSTEM.OBJ
C:\USERS\MICHAEL\DESKTOP\CORE\CORE022511\SRC\BINDINGS\INFINITY_SCIPTDEV2\VC100\SCRIPTDEV2__X64_RELEASE\TANARIS.OBJ
C:\USERS\MICHAEL\DESKTOP\CORE\CORE022511\SRC\BINDINGS\INFINITY_SCIPTDEV2\VC100\SCRIPTDEV2__X64_RELEASE\TELDRASSIL.OBJ
C:\USERS\MICHAEL\DESKTOP\CORE\CORE022511\SRC\BINDINGS\INFINITY_SCIPTDEV2\VC100\SCRIPTDEV2__X64_RELEASE\TELEGUY.OBJ
C:\USERS\MICHAEL\DESKTOP\CORE\CORE022511\SRC\BINDINGS\INFINITY_SCIPTDEV2\VC100\SCRIPTDEV2__X64_RELEASE\TEROKKAR_FOREST.OBJ
C:\USERS\MICHAEL\DESKTOP\CORE\CORE022511\SRC\BINDINGS\INFINITY_SCIPTDEV2\VC100\SCRIPTDEV2__X64_RELEASE\THE_BARRENS.OBJ
C:\USERS\MICHAEL\DESKTOP\CORE\CORE022511\SRC\BINDINGS\INFINITY_SCIPTDEV2\VC100\SCRIPTDEV2__X64_RELEASE\THE_EYE.OBJ
C:\USERS\MICHAEL\DESKTOP\CORE\CORE022511\SRC\BINDINGS\INFINITY_SCIPTDEV2\VC100\SCRIPTDEV2__X64_RELEASE\THOUSAND_NEEDLES.OBJ
C:\USERS\MICHAEL\DESKTOP\CORE\CORE022511\SRC\BINDINGS\INFINITY_SCIPTDEV2\VC100\SCRIPTDEV2__X64_RELEASE\THUNDER_BLUFF.OBJ
C:\USERS\MICHAEL\DESKTOP\CORE\CORE022511\SRC\BINDINGS\INFINITY_SCIPTDEV2\VC100\SCRIPTDEV2__X64_RELEASE\TIRISFAL_GLADES.OBJ
C:\USERS\MICHAEL\DESKTOP\CORE\CORE022511\SRC\BINDINGS\INFINITY_SCIPTDEV2\VC100\SCRIPTDEV2__X64_RELEASE\TRASH_CULLING_OF_STRATHOLME.OBJ
C:\USERS\MICHAEL\DESKTOP\CORE\CORE022511\SRC\BINDINGS\INFINITY_SCIPTDEV2\VC100\SCRIPTDEV2__X64_RELEASE\TRASH_FORGE_OF_SOULS.OBJ
C:\USERS\MICHAEL\DESKTOP\CORE\CORE022511\SRC\BINDINGS\INFINITY_SCIPTDEV2\VC100\SCRIPTDEV2__X64_RELEASE\TRIAL_OF_THE_CHAMPION.OBJ
C:\USERS\MICHAEL\DESKTOP\CORE\CORE022511\SRC\BINDINGS\INFINITY_SCIPTDEV2\VC100\SCRIPTDEV2__X64_RELEASE\TRIAL_OF_THE_CRUSADER.OBJ
C:\USERS\MICHAEL\DESKTOP\CORE\CORE022511\SRC\BINDINGS\INFINITY_SCIPTDEV2\VC100\SCRIPTDEV2__X64_RELEASE\ULDAMAN.OBJ
C:\USERS\MICHAEL\DESKTOP\CORE\CORE022511\SRC\BINDINGS\INFINITY_SCIPTDEV2\VC100\SCRIPTDEV2__X64_RELEASE\ULDUAR.OBJ
C:\USERS\MICHAEL\DESKTOP\CORE\CORE022511\SRC\BINDINGS\INFINITY_SCIPTDEV2\VC100\SCRIPTDEV2__X64_RELEASE\ULDUAR_TELEPORT.OBJ
C:\USERS\MICHAEL\DESKTOP\CORE\CORE022511\SRC\BINDINGS\INFINITY_SCIPTDEV2\VC100\SCRIPTDEV2__X64_RELEASE\UNDERCITY.OBJ
C:\USERS\MICHAEL\DESKTOP\CORE\CORE022511\SRC\BINDINGS\INFINITY_SCIPTDEV2\VC100\SCRIPTDEV2__X64_RELEASE\UNGORO_CRATER.OBJ
C:\USERS\MICHAEL\DESKTOP\CORE\CORE022511\SRC\BINDINGS\INFINITY_SCIPTDEV2\VC100\SCRIPTDEV2__X64_RELEASE\UTGARDE_KEEP.OBJ
C:\USERS\MICHAEL\DESKTOP\CORE\CORE022511\SRC\BINDINGS\INFINITY_SCIPTDEV2\VC100\SCRIPTDEV2__X64_RELEASE\VC100.PDB
C:\USERS\MICHAEL\DESKTOP\CORE\CORE022511\SRC\BINDINGS\INFINITY_SCIPTDEV2\VC100\SCRIPTDEV2__X64_RELEASE\VIOLET_HOLD.OBJ
C:\USERS\MICHAEL\DESKTOP\CORE\CORE022511\SRC\BINDINGS\INFINITY_SCIPTDEV2\VC100\SCRIPTDEV2__X64_RELEASE\WAILING_CAVERNS.OBJ
C:\USERS\MICHAEL\DESKTOP\CORE\CORE022511\SRC\BINDINGS\INFINITY_SCIPTDEV2\VC100\SCRIPTDEV2__X64_RELEASE\WESTERN_PLAGUELANDS.OBJ
C:\USERS\MICHAEL\DESKTOP\CORE\CORE022511\SRC\BINDINGS\INFINITY_SCIPTDEV2\VC100\SCRIPTDEV2__X64_RELEASE\WESTFALL.OBJ
C:\USERS\MICHAEL\DESKTOP\CORE\CORE022511\SRC\BINDINGS\INFINITY_SCIPTDEV2\VC100\SCRIPTDEV2__X64_RELEASE\WETLANDS.OBJ
C:\USERS\MICHAEL\DESKTOP\CORE\CORE022511\SRC\BINDINGS\INFINITY_SCIPTDEV2\VC100\SCRIPTDEV2__X64_RELEASE\WINTERSPRING.OBJ
C:\USERS\MICHAEL\DESKTOP\CORE\CORE022511\SRC\BINDINGS\INFINITY_SCIPTDEV2\VC100\SCRIPTDEV2__X64_RELEASE\ZANGARMARSH.OBJ
C:\USERS\MICHAEL\DESKTOP\CORE\CORE022511\SRC\BINDINGS\INFINITY_SCIPTDEV2\VC100\SCRIPTDEV2__X64_RELEASE\ZULAMAN.OBJ
C:\USERS\MICHAEL\DESKTOP\CORE\CORE022511\SRC\BINDINGS\INFINITY_SCIPTDEV2\VC100\SCRIPTDEV2__X64_RELEASE\ZULDRAK.OBJ
C:\USERS\MICHAEL\DESKTOP\CORE\CORE022511\SRC\BINDINGS\INFINITY_SCIPTDEV2\VC100\SCRIPTDEV2__X64_RELEASE\ZULFARRAK.OBJ
